

Microchip Technology PIC LITE Macro Assembler V1.33 build 59893 
                                                                                               Sat Apr 19 17:58:28 2025

Microchip Technology Omniscient Code Generator (Lite mode) build 59893
     1                           	processor	16F877A
     2                           	opt	pw 120
     3                           	opt	lm
     4                           	psect	maintext,global,class=CODE,split=1,delta=2
     5                           	psect	cinit,global,class=CODE,merge=1,delta=2
     6                           	psect	cstackCOMMON,global,class=COMMON,space=1,delta=1
     7                           	dabs	1,0x7E,2
     8  0000                     	;# 
     9  0001                     	;# 
    10  0002                     	;# 
    11  0003                     	;# 
    12  0004                     	;# 
    13  0005                     	;# 
    14  0006                     	;# 
    15  0007                     	;# 
    16  0008                     	;# 
    17  0009                     	;# 
    18  000A                     	;# 
    19  000B                     	;# 
    20  000C                     	;# 
    21  000D                     	;# 
    22  000E                     	;# 
    23  000E                     	;# 
    24  000F                     	;# 
    25  0010                     	;# 
    26  0011                     	;# 
    27  0012                     	;# 
    28  0013                     	;# 
    29  0014                     	;# 
    30  0015                     	;# 
    31  0015                     	;# 
    32  0016                     	;# 
    33  0017                     	;# 
    34  0018                     	;# 
    35  0019                     	;# 
    36  001A                     	;# 
    37  001B                     	;# 
    38  001B                     	;# 
    39  001C                     	;# 
    40  001D                     	;# 
    41  001E                     	;# 
    42  001F                     	;# 
    43  0081                     	;# 
    44  0085                     	;# 
    45  0086                     	;# 
    46  0087                     	;# 
    47  0088                     	;# 
    48  0089                     	;# 
    49  008C                     	;# 
    50  008D                     	;# 
    51  008E                     	;# 
    52  0091                     	;# 
    53  0092                     	;# 
    54  0093                     	;# 
    55  0094                     	;# 
    56  0098                     	;# 
    57  0099                     	;# 
    58  009C                     	;# 
    59  009D                     	;# 
    60  009E                     	;# 
    61  009F                     	;# 
    62  010C                     	;# 
    63  010D                     	;# 
    64  010E                     	;# 
    65  010F                     	;# 
    66  018C                     	;# 
    67  018D                     	;# 
    68  0005                     _PORTA	set	5
    69  001A                     _RCREG	set	26
    70  00C4                     _CREN	set	196
    71  0065                     _RCIF	set	101
    72  00C6                     _RX9	set	198
    73  00C7                     _SPEN	set	199
    74  0099                     _SPBRG	set	153
    75  0085                     _TRISA	set	133
    76  04C2                     _BRGH	set	1218
    77  04C4                     _SYNC	set	1220
    78                           
    79                           	psect	maintext
    80  07D7                     __pmaintext:	
    81                           ; #config settings
    82                           
    83                           
    84                           ;psect for function _main
    85  0000                     
    86 ;;
    87 ;;Main: autosize = 0, tempsize = 1, incstack = 0, save=0
    88 ;;
    89 ;; *************** function _main *****************
    90 ;; Defined at:
    91 ;;		line 15 in file "D:\Embedded-Systems\Practice\ThingSpeak\main.c"
    92 ;; Parameters:    Size  Location     Type
    93 ;;		None
    94 ;; Auto vars:     Size  Location     Type
    95 ;;  received        1    1[COMMON] unsigned char 
    96 ;; Return value:  Size  Location     Type
    97 ;;		None               void
    98 ;; Registers used:
    99 ;;		wreg, status,2
   100 ;; Tracked objects:
   101 ;;		On entry : 17F/0
   102 ;;		On exit  : 0/0
   103 ;;		Unchanged: 0/0
   104 ;; Data sizes:     COMMON   BANK0   BANK1   BANK3   BANK2
   105 ;;      Params:         0       0       0       0       0
   106 ;;      Locals:         1       0       0       0       0
   107 ;;      Temps:          1       0       0       0       0
   108 ;;      Totals:         2       0       0       0       0
   109 ;;Total ram usage:        2 bytes
   110 ;; This function calls:
   111 ;;		Nothing
   112 ;; This function is called by:
   113 ;;		Startup code after reset
   114 ;; This function uses a non-reentrant model
   115 ;;
   116  07D7                     _main:	
   117                           
   118                           ;main.c: 17: SPBRG = 0x19;
   119                           
   120                           ;incstack = 0
   121                           ; Regs used in _main: [wreg+status,2]
   122  07D7  3019               	movlw	25
   123  07D8  1683               	bsf	3,5	;RP0=1, select bank1
   124  07D9  1303               	bcf	3,6	;RP1=0, select bank1
   125  07DA  0099               	movwf	25	;volatile
   126                           
   127                           ;main.c: 19: SYNC = 0;
   128  07DB  1218               	bcf	24,4	;volatile
   129                           
   130                           ;main.c: 20: SPEN = 1;
   131  07DC  1283               	bcf	3,5	;RP0=0, select bank0
   132  07DD  1303               	bcf	3,6	;RP1=0, select bank0
   133  07DE  1798               	bsf	24,7	;volatile
   134                           
   135                           ;main.c: 21: RX9 = 0;
   136  07DF  1318               	bcf	24,6	;volatile
   137                           
   138                           ;main.c: 22: BRGH = 1;
   139  07E0  1683               	bsf	3,5	;RP0=1, select bank1
   140  07E1  1303               	bcf	3,6	;RP1=0, select bank1
   141  07E2  1518               	bsf	24,2	;volatile
   142                           
   143                           ;main.c: 23: CREN = 1;
   144  07E3  1283               	bcf	3,5	;RP0=0, select bank0
   145  07E4  1303               	bcf	3,6	;RP1=0, select bank0
   146  07E5  1618               	bsf	24,4	;volatile
   147                           
   148                           ;main.c: 25: TRISA = 0x00;
   149  07E6  1683               	bsf	3,5	;RP0=1, select bank1
   150  07E7  1303               	bcf	3,6	;RP1=0, select bank1
   151  07E8  0185               	clrf	5	;volatile
   152                           
   153                           ;main.c: 26: PORTA = 0x00;
   154  07E9  1283               	bcf	3,5	;RP0=0, select bank0
   155  07EA  1303               	bcf	3,6	;RP1=0, select bank0
   156  07EB  0185               	clrf	5	;volatile
   157  07EC                     l503:	
   158                           ;main.c: 28: while (1)
   159                           
   160                           
   161                           ;main.c: 29: {
   162                           ;main.c: 30: if (RCIF)
   163  07EC  1E8C               	btfss	12,5	;volatile
   164  07ED  2FEC               	goto	l503
   165                           
   166                           ;main.c: 31: {
   167                           ;main.c: 32: unsigned char received = RCREG;
   168  07EE  081A               	movf	26,w	;volatile
   169  07EF  00F0               	movwf	??_main
   170  07F0  0870               	movf	??_main,w
   171  07F1  00F1               	movwf	main@received
   172                           
   173                           ;main.c: 33: if (received == 0x00 || received == 0x01)
   174  07F2  0871               	movf	main@received,w
   175  07F3  1903               	btfsc	3,2
   176  07F4  2FF9               	goto	l509
   177  07F5  0871               	movf	main@received,w
   178  07F6  3A01               	xorlw	1
   179  07F7  1D03               	skipz
   180  07F8  2FEC               	goto	l503
   181  07F9                     l509:	
   182                           
   183                           ;main.c: 34: PORTA = received;
   184  07F9  0871               	movf	main@received,w
   185  07FA  0085               	movwf	5	;volatile
   186  07FB  2FEC               	goto	l503
   187  07FC                     __end_of_main:	
   188  007E                     btemp	set	126	;btemp
   189  007E                     wtemp	set	126
   190  007E                     wtemp0	set	126
   191  0080                     wtemp1	set	128
   192  0082                     wtemp2	set	130
   193  0084                     wtemp3	set	132
   194  0086                     wtemp4	set	134
   195  0088                     wtemp5	set	136
   196  007F                     wtemp6	set	127
   197  007E                     ttemp	set	126
   198  007E                     ttemp0	set	126
   199  0081                     ttemp1	set	129
   200  0084                     ttemp2	set	132
   201  0087                     ttemp3	set	135
   202  007F                     ttemp4	set	127
   203  007E                     ltemp	set	126
   204  007E                     ltemp0	set	126
   205  0082                     ltemp1	set	130
   206  0086                     ltemp2	set	134
   207  0080                     ltemp3	set	128
   208                           
   209                           	psect	cinit
   210  07FC                     start_initialization:	
   211  07FC                     __initialization:	
   212  07FC                     end_of_initialization:	
   213                           ;End of C runtime variable initialization code
   214                           
   215  07FC                     __end_of__initialization:	
   216  07FC  0183               	clrf	3
   217  07FD  120A  118A  2FD7   	ljmp	_main	;jump to C main() function
   218                           
   219                           	psect	cstackCOMMON
   220  0070                     __pcstackCOMMON:	
   221  0070                     ?_main:	
   222  0070                     ??_main:	
   223                           ; 0 bytes @ 0x0
   224                           
   225                           
   226                           ; 0 bytes @ 0x0
   227  0070                     	ds	1
   228  0071                     main@received:	
   229                           
   230                           ; 1 bytes @ 0x1
   231  0071                     	ds	1


Data Sizes:
    Strings     0
    Constant    0
    Data        0
    BSS         0
    Persistent  0
    Stack       0

Auto Spaces:
    Space          Size  Autos    Used
    COMMON           14      2       2
    BANK0            80      0       0
    BANK1            80      0       0
    BANK3            96      0       0
    BANK2            96      0       0

Pointer List with Targets:

    None.

Critical Paths under _main in COMMON

    None.

Critical Paths under _main in BANK0

    None.

Critical Paths under _main in BANK1

    None.

Critical Paths under _main in BANK3

    None.

Critical Paths under _main in BANK2

    None.

Call Graph Tables:

 ---------------------------------------------------------------------------------
 (Depth) Function   	        Calls       Base Space   Used Autos Params    Refs
 ---------------------------------------------------------------------------------
 (0) _main                                                 2     2      0      45
                                              0 COMMON     2     2      0
 ---------------------------------------------------------------------------------
 Estimated maximum stack depth 0
 ---------------------------------------------------------------------------------

 Call Graph Graphs:

 _main (ROOT)

 Address spaces:
Name               Size   Autos  Total    Cost      Usage
BITCOMMON            E      0       0       0        0.0%
EEDATA             100      0       0       0        0.0%
NULL                 0      0       0       0        0.0%
CODE                 0      0       0       0        0.0%
COMMON               E      2       2       1       14.3%
BITSFR0              0      0       0       1        0.0%
SFR0                 0      0       0       1        0.0%
BITSFR1              0      0       0       2        0.0%
SFR1                 0      0       0       2        0.0%
STACK                0      0       0       2        0.0%
ABS                  0      0       0       3        0.0%
BITBANK0            50      0       0       4        0.0%
BITSFR3              0      0       0       4        0.0%
SFR3                 0      0       0       4        0.0%
BANK0               50      0       0       5        0.0%
BITSFR2              0      0       0       5        0.0%
SFR2                 0      0       0       5        0.0%
BITBANK1            50      0       0       6        0.0%
BANK1               50      0       0       7        0.0%
BITBANK3            60      0       0       8        0.0%
BANK3               60      0       0       9        0.0%
BITBANK2            60      0       0      10        0.0%
BANK2               60      0       0      11        0.0%
DATA                 0      0       0      12        0.0%


Microchip Technology PIC Macro Assembler V1.33 build 59893 
Symbol Table                                                                                   Sat Apr 19 17:58:28 2025

            __CFG_CP$OFF 0000                      l503 07EC                      l509 07F9  
           __CFG_CPD$OFF 0000                      _RX9 00C6             __CFG_FOSC$XT 0000  
           __CFG_LVP$OFF 0000                     _BRGH 04C2                     _CREN 00C4  
                   _RCIF 0065                     _SPEN 00C7                     _SYNC 04C4  
           __CFG_WRT$OFF 0000                     _main 07D7                     btemp 007E  
          __CFG_BOREN$ON 0000                     ltemp 007E                     start 0000  
                   ttemp 007E                     wtemp 007E                    ?_main 0070  
          __CFG_WDTE$OFF 0000                    _RCREG 001A                    _SPBRG 0099  
                  _PORTA 0005                    _TRISA 0085            __CFG_PWRTE$ON 0000  
           main@received 0071                    ltemp0 007E                    ltemp1 0082  
                  ltemp2 0086                    ltemp3 0080                    ttemp0 007E  
                  ttemp1 0081                    ttemp2 0084                    ttemp3 0087  
                  ttemp4 007F                    status 0003                    wtemp0 007E  
                  wtemp1 0080                    wtemp2 0082                    wtemp3 0084  
                  wtemp4 0086                    wtemp5 0088                    wtemp6 007F  
        __initialization 07FC             __end_of_main 07FC                   ??_main 0070  
__end_of__initialization 07FC           __pcstackCOMMON 0070               __pmaintext 07D7  
   end_of_initialization 07FC      start_initialization 07FC                ___latbits 0002  
          __size_of_main 0025  
