

Microchip Technology PIC LITE Macro Assembler V1.33 build 59893 
                                                                                               Sun Apr 13 23:58:08 2025

Microchip Technology Omniscient Code Generator (Lite mode) build 59893
     1                           	processor	16F877A
     2                           	opt	pw 120
     3                           	opt	lm
     4                           	psect	text0,local,class=CODE,merge=1,delta=2
     5                           	psect	cinit,global,class=CODE,merge=1,delta=2
     6                           	psect	bitbssCOMMON,global,bit,class=COMMON,space=1,delta=1
     7                           	psect	bssCOMMON,global,class=COMMON,space=1,delta=1
     8                           	psect	cstackCOMMON,global,class=COMMON,space=1,delta=1
     9                           	psect	maintext,global,class=CODE,split=1,delta=2
    10                           	psect	text1,local,class=CODE,merge=1,delta=2
    11                           	psect	intentry,global,class=CODE,delta=2
    12                           	dabs	1,0x7E,2
    13  0000                     	;# 
    14  0001                     	;# 
    15  0002                     	;# 
    16  0003                     	;# 
    17  0004                     	;# 
    18  0005                     	;# 
    19  0006                     	;# 
    20  0007                     	;# 
    21  0008                     	;# 
    22  0009                     	;# 
    23  000A                     	;# 
    24  000B                     	;# 
    25  000C                     	;# 
    26  000D                     	;# 
    27  000E                     	;# 
    28  000E                     	;# 
    29  000F                     	;# 
    30  0010                     	;# 
    31  0011                     	;# 
    32  0012                     	;# 
    33  0013                     	;# 
    34  0014                     	;# 
    35  0015                     	;# 
    36  0015                     	;# 
    37  0016                     	;# 
    38  0017                     	;# 
    39  0018                     	;# 
    40  0019                     	;# 
    41  001A                     	;# 
    42  001B                     	;# 
    43  001B                     	;# 
    44  001C                     	;# 
    45  001D                     	;# 
    46  001E                     	;# 
    47  001F                     	;# 
    48  0081                     	;# 
    49  0085                     	;# 
    50  0086                     	;# 
    51  0087                     	;# 
    52  0088                     	;# 
    53  0089                     	;# 
    54  008C                     	;# 
    55  008D                     	;# 
    56  008E                     	;# 
    57  0091                     	;# 
    58  0092                     	;# 
    59  0093                     	;# 
    60  0094                     	;# 
    61  0098                     	;# 
    62  0099                     	;# 
    63  009C                     	;# 
    64  009D                     	;# 
    65  009E                     	;# 
    66  009F                     	;# 
    67  010C                     	;# 
    68  010D                     	;# 
    69  010E                     	;# 
    70  010F                     	;# 
    71  018C                     	;# 
    72  018D                     	;# 
    73  0006                     _PORTB	set	6
    74  001A                     _RCREG	set	26
    75  00C4                     _CREN	set	196
    76  005F                     _GIE	set	95
    77  00C1                     _OERR	set	193
    78  005E                     _PEIE	set	94
    79  0065                     _RCIF	set	101
    80  00C6                     _RX9	set	198
    81  00C7                     _SPEN	set	199
    82  0099                     _SPBRG	set	153
    83  0086                     _TRISB	set	134
    84  04C7                     _CSRC	set	1223
    85  0465                     _RCIE	set	1125
    86  04C4                     _SYNC	set	1220
    87  043E                     _TRISC6	set	1086
    88  043F                     _TRISC7	set	1087
    89                           
    90                           	psect	text0
    91  0000                     __ptext0:	
    92                           ; #config settings
    93                           
    94                           
    95                           ;psect for function _ISR
    96  0000                     
    97                           	psect	cinit
    98  0015                     start_initialization:	
    99  0015                     __initialization:	
   100                           
   101                           ; Clear objects allocated to BITCOMMON
   102  0015  01F5               	clrf	(__pbitbssCOMMON/(0+8))& (0+127)
   103                           
   104                           ; Clear objects allocated to COMMON
   105  0016  01F6               	clrf	__pbssCOMMON& (0+127)
   106  0017                     end_of_initialization:	
   107                           ;End of C runtime variable initialization code
   108                           
   109  0017                     __end_of__initialization:	
   110  0017  0183               	clrf	3
   111  0018  120A  118A  283A   	ljmp	_main	;jump to C main() function
   112                           
   113                           	psect	bitbssCOMMON
   114  03A8                     __pbitbssCOMMON:	
   115  03A8                     _count_flag:	
   116  03A8                     	ds	1
   117                           
   118                           	psect	bssCOMMON
   119  0076                     __pbssCOMMON:	
   120  0076                     _receivedData:	
   121  0076                     	ds	1
   122                           
   123                           	psect	cstackCOMMON
   124  0070                     __pcstackCOMMON:	
   125  0070                     ?_ISR:	
   126  0070                     ??_ISR:	
   127                           ; 0 bytes @ 0x0
   128                           
   129  0070                     ?_main:	
   130                           ; 0 bytes @ 0x0
   131                           
   132                           
   133                           ; 0 bytes @ 0x0
   134  0070                     	ds	5
   135  0075                     ??_main:	
   136                           
   137                           	psect	maintext
   138  003A                     __pmaintext:	
   139                           ; 0 bytes @ 0x5
   140 ;;
   141 ;;Main: autosize = 0, tempsize = 0, incstack = 0, save=0
   142 ;;
   143 ;; *************** function _main *****************
   144 ;; Defined at:
   145 ;;		line 59 in file "D:\Embedded-Systems\Practice\Sync TX and RX\MPLAB\rx.c"
   146 ;; Parameters:    Size  Location     Type
   147 ;;		None
   148 ;; Auto vars:     Size  Location     Type
   149 ;;		None
   150 ;; Return value:  Size  Location     Type
   151 ;;		None               void
   152 ;; Registers used:
   153 ;;		wreg, status,2
   154 ;; Tracked objects:
   155 ;;		On entry : 17F/0
   156 ;;		On exit  : 0/0
   157 ;;		Unchanged: 0/0
   158 ;; Data sizes:     COMMON   BANK0   BANK1   BANK3   BANK2
   159 ;;      Params:         0       0       0       0       0
   160 ;;      Locals:         0       0       0       0       0
   161 ;;      Temps:          0       0       0       0       0
   162 ;;      Totals:         0       0       0       0       0
   163 ;;Total ram usage:        0 bytes
   164 ;; Hardware stack levels required when called:    1
   165 ;; This function calls:
   166 ;;		Nothing
   167 ;; This function is called by:
   168 ;;		Startup code after reset
   169 ;; This function uses a non-reentrant model
   170 ;;
   171                           
   172                           
   173                           ;psect for function _main
   174  003A                     _main:	
   175                           
   176                           ;rx.c: 61: SPBRG = 0x67;
   177                           
   178                           ;incstack = 0
   179                           ; Regs used in _main: [wreg+status,2]
   180  003A  3067               	movlw	103
   181  003B  1683               	bsf	3,5	;RP0=1, select bank1
   182  003C  1303               	bcf	3,6	;RP1=0, select bank1
   183  003D  0099               	movwf	25	;volatile
   184                           
   185                           ;rx.c: 63: SYNC = 1;
   186  003E  1618               	bsf	24,4	;volatile
   187                           
   188                           ;rx.c: 64: SPEN = 1;
   189  003F  1283               	bcf	3,5	;RP0=0, select bank0
   190  0040  1303               	bcf	3,6	;RP1=0, select bank0
   191  0041  1798               	bsf	24,7	;volatile
   192                           
   193                           ;rx.c: 65: CSRC = 0;
   194  0042  1683               	bsf	3,5	;RP0=1, select bank1
   195  0043  1303               	bcf	3,6	;RP1=0, select bank1
   196  0044  1398               	bcf	24,7	;volatile
   197                           
   198                           ;rx.c: 66: RCIE = 1;
   199  0045  168C               	bsf	12,5	;volatile
   200                           
   201                           ;rx.c: 67: RX9 = 0;
   202  0046  1283               	bcf	3,5	;RP0=0, select bank0
   203  0047  1303               	bcf	3,6	;RP1=0, select bank0
   204  0048  1318               	bcf	24,6	;volatile
   205                           
   206                           ;rx.c: 68: CREN = 1;
   207  0049  1618               	bsf	24,4	;volatile
   208                           
   209                           ;rx.c: 69: PEIE = 1;
   210  004A  170B               	bsf	11,6	;volatile
   211                           
   212                           ;rx.c: 70: GIE = 1;
   213  004B  178B               	bsf	11,7	;volatile
   214                           
   215                           ;rx.c: 72: TRISC6 = 1;
   216  004C  1683               	bsf	3,5	;RP0=1, select bank1
   217  004D  1303               	bcf	3,6	;RP1=0, select bank1
   218  004E  1707               	bsf	7,6	;volatile
   219                           
   220                           ;rx.c: 73: TRISC7 = 1;
   221  004F  1787               	bsf	7,7	;volatile
   222                           
   223                           ;rx.c: 74: TRISB = 0x00;
   224  0050  0186               	clrf	6	;volatile
   225                           
   226                           ;rx.c: 75: PORTB = 0x00;
   227  0051  1283               	bcf	3,5	;RP0=0, select bank0
   228  0052  1303               	bcf	3,6	;RP1=0, select bank0
   229  0053  0186               	clrf	6	;volatile
   230  0054                     l51:	
   231                           ;rx.c: 77: while (1)
   232                           
   233                           
   234                           ;rx.c: 78: {
   235  0054  2854               	goto	l51
   236  0055                     __end_of_main:	
   237                           
   238                           	psect	text1
   239  001B                     __ptext1:	
   240 ;; *************** function _ISR *****************
   241 ;; Defined at:
   242 ;;		line 31 in file "D:\Embedded-Systems\Practice\Sync TX and RX\MPLAB\rx.c"
   243 ;; Parameters:    Size  Location     Type
   244 ;;		None
   245 ;; Auto vars:     Size  Location     Type
   246 ;;		None
   247 ;; Return value:  Size  Location     Type
   248 ;;		None               void
   249 ;; Registers used:
   250 ;;		wreg
   251 ;; Tracked objects:
   252 ;;		On entry : 0/0
   253 ;;		On exit  : 0/0
   254 ;;		Unchanged: 0/0
   255 ;; Data sizes:     COMMON   BANK0   BANK1   BANK3   BANK2
   256 ;;      Params:         0       0       0       0       0
   257 ;;      Locals:         0       0       0       0       0
   258 ;;      Temps:          5       0       0       0       0
   259 ;;      Totals:         5       0       0       0       0
   260 ;;Total ram usage:        5 bytes
   261 ;; Hardware stack levels used:    1
   262 ;; This function calls:
   263 ;;		Nothing
   264 ;; This function is called by:
   265 ;;		Interrupt level 1
   266 ;; This function uses a non-reentrant model
   267 ;;
   268                           
   269                           
   270                           ;psect for function _ISR
   271  001B                     _ISR:	
   272                           
   273                           ;rx.c: 33: if (RCIF && RCIE)
   274  001B  1E8C               	btfss	12,5	;volatile
   275  001C  282E               	goto	i1l48
   276  001D  1683               	bsf	3,5	;RP0=1, select bank1
   277  001E  1303               	bcf	3,6	;RP1=0, select bank1
   278  001F  1E8C               	btfss	12,5	;volatile
   279  0020  282E               	goto	i1l48
   280                           
   281                           ;rx.c: 34: {
   282                           ;rx.c: 35: if (OERR)
   283  0021  1283               	bcf	3,5	;RP0=0, select bank0
   284  0022  1303               	bcf	3,6	;RP1=0, select bank0
   285  0023  1C98               	btfss	24,1	;volatile
   286  0024  2828               	goto	i1l525
   287                           
   288                           ;rx.c: 36: {
   289                           ;rx.c: 37: CREN = 0;
   290  0025  1218               	bcf	24,4	;volatile
   291                           
   292                           ;rx.c: 38: CREN = 1;
   293  0026  1618               	bsf	24,4	;volatile
   294                           
   295                           ;rx.c: 39: return;
   296  0027  282E               	goto	i1l48
   297  0028                     i1l525:	
   298                           
   299                           ;rx.c: 40: }
   300                           ;rx.c: 42: receivedData = RCREG;
   301  0028  081A               	movf	26,w	;volatile
   302  0029  00F0               	movwf	??_ISR
   303  002A  0870               	movf	??_ISR,w
   304  002B  00F6               	movwf	_receivedData	;volatile
   305                           
   306                           ;rx.c: 43: PORTB = receivedData;
   307  002C  0876               	movf	_receivedData,w	;volatile
   308  002D  0086               	movwf	6	;volatile
   309  002E                     i1l48:	
   310  002E  0874               	movf	??_ISR+4,w
   311  002F  1283               	bcf	3,5	;RP0=0, select bank0
   312  0030  00FF               	movwf	127
   313  0031  0873               	movf	??_ISR+3,w
   314  0032  008A               	movwf	10
   315  0033  0872               	movf	??_ISR+2,w
   316  0034  0084               	movwf	4
   317  0035  0E71               	swapf	(??_ISR+1)^(0+-128),w
   318  0036  0083               	movwf	3
   319  0037  0EFE               	swapf	126,f
   320  0038  0E7E               	swapf	126,w
   321  0039  0009               	retfie
   322  003A                     __end_of_ISR:	
   323  007E                     btemp	set	126	;btemp
   324  007E                     wtemp	set	126
   325  007E                     wtemp0	set	126
   326  0080                     wtemp1	set	128
   327  0082                     wtemp2	set	130
   328  0084                     wtemp3	set	132
   329  0086                     wtemp4	set	134
   330  0088                     wtemp5	set	136
   331  007F                     wtemp6	set	127
   332  007E                     ttemp	set	126
   333  007E                     ttemp0	set	126
   334  0081                     ttemp1	set	129
   335  0084                     ttemp2	set	132
   336  0087                     ttemp3	set	135
   337  007F                     ttemp4	set	127
   338  007E                     ltemp	set	126
   339  007E                     ltemp0	set	126
   340  0082                     ltemp1	set	130
   341  0086                     ltemp2	set	134
   342  0080                     ltemp3	set	128
   343                           
   344                           	psect	intentry
   345  0004                     __pintentry:	
   346                           ;incstack = 0
   347                           ; Regs used in _ISR: [wreg]
   348                           
   349  0004                     interrupt_function:	
   350  007E                     saved_w	set	btemp
   351  0004  00FE               	movwf	btemp
   352  0005  0E03               	swapf	3,w
   353  0006  00F1               	movwf	??_ISR+1
   354  0007  0804               	movf	4,w
   355  0008  00F2               	movwf	??_ISR+2
   356  0009  080A               	movf	10,w
   357  000A  00F3               	movwf	??_ISR+3
   358  000B  1283               	bcf	3,5	;RP0=0, select bank0
   359  000C  1303               	bcf	3,6	;RP1=0, select bank0
   360  000D  087F               	movf	btemp+1,w
   361  000E  00F4               	movwf	??_ISR+4
   362  000F  120A  118A  281B   	ljmp	_ISR


Data Sizes:
    Strings     0
    Constant    0
    Data        0
    BSS         1
    Persistent  0
    Stack       0

Auto Spaces:
    Space          Size  Autos    Used
    COMMON           14      5       7
    BANK0            80      0       0
    BANK1            80      0       0
    BANK3            96      0       0
    BANK2            96      0       0

Pointer List with Targets:

    None.

Critical Paths under _main in COMMON

    None.

Critical Paths under _ISR in COMMON

    None.

Critical Paths under _main in BANK0

    None.

Critical Paths under _ISR in BANK0

    None.

Critical Paths under _main in BANK1

    None.

Critical Paths under _ISR in BANK1

    None.

Critical Paths under _main in BANK3

    None.

Critical Paths under _ISR in BANK3

    None.

Critical Paths under _main in BANK2

    None.

Critical Paths under _ISR in BANK2

    None.

Call Graph Tables:

 ---------------------------------------------------------------------------------
 (Depth) Function   	        Calls       Base Space   Used Autos Params    Refs
 ---------------------------------------------------------------------------------
 (0) _main                                                 0     0      0       0
 ---------------------------------------------------------------------------------
 Estimated maximum stack depth 0
 ---------------------------------------------------------------------------------
 (Depth) Function   	        Calls       Base Space   Used Autos Params    Refs
 ---------------------------------------------------------------------------------
 (1) _ISR                                                  5     5      0       0
                                              0 COMMON     5     5      0
 ---------------------------------------------------------------------------------
 Estimated maximum stack depth 1
 ---------------------------------------------------------------------------------

 Call Graph Graphs:

 _main (ROOT)

 _ISR (ROOT)

 Address spaces:
Name               Size   Autos  Total    Cost      Usage
BITCOMMON            E      0       1       0        7.1%
EEDATA             100      0       0       0        0.0%
NULL                 0      0       0       0        0.0%
CODE                 0      0       0       0        0.0%
COMMON               E      5       7       1       50.0%
BITSFR0              0      0       0       1        0.0%
SFR0                 0      0       0       1        0.0%
BITSFR1              0      0       0       2        0.0%
SFR1                 0      0       0       2        0.0%
STACK                0      0       0       2        0.0%
ABS                  0      0       7       3        0.0%
BITBANK0            50      0       0       4        0.0%
BITSFR3              0      0       0       4        0.0%
SFR3                 0      0       0       4        0.0%
BANK0               50      0       0       5        0.0%
BITSFR2              0      0       0       5        0.0%
SFR2                 0      0       0       5        0.0%
BITBANK1            50      0       0       6        0.0%
BANK1               50      0       0       7        0.0%
BITBANK3            60      0       0       8        0.0%
BANK3               60      0       0       9        0.0%
BITBANK2            60      0       0      10        0.0%
BANK2               60      0       0      11        0.0%
DATA                 0      0       7      12        0.0%


Microchip Technology PIC Macro Assembler V1.33 build 59893 
Symbol Table                                                                                   Sun Apr 13 23:58:08 2025

            __CFG_CP$OFF 0000                       l51 0054                      _GIE 005F  
           __CFG_CPD$OFF 0000                      _ISR 001B                      _RX9 00C6  
                    fsr0 0004             __CFG_FOSC$XT 0000             __CFG_LVP$OFF 0000  
                   ?_ISR 0070                     _CREN 00C4                     _CSRC 04C7  
                   _PEIE 005E                     _RCIE 0465                     _RCIF 0065  
                   i1l48 002E                     _OERR 00C1                     _SPEN 00C7  
                   _SYNC 04C4             __CFG_WRT$OFF 0000                     _main 003A  
                   btemp 007E            __CFG_BOREN$ON 0000                     ltemp 007E  
                   start 0012                     ttemp 007E                     wtemp 007E  
                  ??_ISR 0070                    ?_main 0070            __CFG_WDTE$OFF 0000  
                  i1l525 0028                    _RCREG 001A                    _SPBRG 0099  
                  _PORTB 0006                    _TRISB 0086            __CFG_PWRTE$ON 0000  
         __pbitbssCOMMON 03A8                    pclath 000A                    ltemp0 007E  
                  ltemp1 0082                    ltemp2 0086                    ltemp3 0080  
                  ttemp0 007E                    ttemp1 0081                    ttemp2 0084  
                  ttemp3 0087                    ttemp4 007F                    status 0003  
                  wtemp0 007E                    wtemp1 0080                    wtemp2 0082  
                  wtemp3 0084                    wtemp4 0086                    wtemp5 0088  
                  wtemp6 007F          __initialization 0015             __end_of_main 0055  
                 ??_main 0075                   _TRISC6 043E                   _TRISC7 043F  
                 saved_w 007E  __end_of__initialization 0017           __pcstackCOMMON 0070  
             __pmaintext 003A               __pintentry 0004               _count_flag 03A8  
                __ptext0 0000                  __ptext1 001B             __size_of_ISR 001F  
   end_of_initialization 0017      start_initialization 0015              __end_of_ISR 003A  
            __pbssCOMMON 0076                ___latbits 0002             _receivedData 0076  
      interrupt_function 0004            __size_of_main 001B                 intlevel1 0000  
