

Microchip Technology PIC LITE Macro Assembler V1.33 build 59893 
                                                                                               Sun Apr 13 23:58:51 2025

Microchip Technology Omniscient Code Generator (Lite mode) build 59893
     1                           	processor	16F877A
     2                           	opt	pw 120
     3                           	opt	lm
     4                           	psect	text0,local,class=CODE,merge=1,delta=2
     5                           	psect	cinit,global,class=CODE,merge=1,delta=2
     6                           	psect	bitbssCOMMON,global,bit,class=COMMON,space=1,delta=1
     7                           	psect	cstackCOMMON,global,class=COMMON,space=1,delta=1
     8                           	psect	maintext,global,class=CODE,split=1,delta=2
     9                           	psect	text1,local,class=CODE,merge=1,delta=2
    10                           	psect	text2,local,class=CODE,merge=1,delta=2
    11                           	psect	intentry,global,class=CODE,delta=2
    12                           	dabs	1,0x7E,2
    13  0000                     	;# 
    14  0001                     	;# 
    15  0002                     	;# 
    16  0003                     	;# 
    17  0004                     	;# 
    18  0005                     	;# 
    19  0006                     	;# 
    20  0007                     	;# 
    21  0008                     	;# 
    22  0009                     	;# 
    23  000A                     	;# 
    24  000B                     	;# 
    25  000C                     	;# 
    26  000D                     	;# 
    27  000E                     	;# 
    28  000E                     	;# 
    29  000F                     	;# 
    30  0010                     	;# 
    31  0011                     	;# 
    32  0012                     	;# 
    33  0013                     	;# 
    34  0014                     	;# 
    35  0015                     	;# 
    36  0015                     	;# 
    37  0016                     	;# 
    38  0017                     	;# 
    39  0018                     	;# 
    40  0019                     	;# 
    41  001A                     	;# 
    42  001B                     	;# 
    43  001B                     	;# 
    44  001C                     	;# 
    45  001D                     	;# 
    46  001E                     	;# 
    47  001F                     	;# 
    48  0081                     	;# 
    49  0085                     	;# 
    50  0086                     	;# 
    51  0087                     	;# 
    52  0088                     	;# 
    53  0089                     	;# 
    54  008C                     	;# 
    55  008D                     	;# 
    56  008E                     	;# 
    57  0091                     	;# 
    58  0092                     	;# 
    59  0093                     	;# 
    60  0094                     	;# 
    61  0098                     	;# 
    62  0099                     	;# 
    63  009C                     	;# 
    64  009D                     	;# 
    65  009E                     	;# 
    66  009F                     	;# 
    67  010C                     	;# 
    68  010D                     	;# 
    69  010E                     	;# 
    70  010F                     	;# 
    71  018C                     	;# 
    72  018D                     	;# 
    73  0019                     _TXREG	set	25
    74  005F                     _GIE	set	95
    75  005E                     _PEIE	set	94
    76  00C7                     _SPEN	set	199
    77  0064                     _TXIF	set	100
    78  0099                     _SPBRG	set	153
    79  04C7                     _CSRC	set	1223
    80  04C4                     _SYNC	set	1220
    81  043E                     _TRISC6	set	1086
    82  043F                     _TRISC7	set	1087
    83  04C6                     _TX9	set	1222
    84  04C5                     _TXEN	set	1221
    85  0464                     _TXIE	set	1124
    86                           
    87                           	psect	text0
    88  0000                     __ptext0:	
    89                           ; #config settings
    90                           
    91                           
    92                           ;psect for function _ISR
    93  0000                     
    94                           	psect	cinit
    95  0015                     start_initialization:	
    96  0015                     __initialization:	
    97                           
    98                           ; Clear objects allocated to BITCOMMON
    99  0015  01F9               	clrf	(__pbitbssCOMMON/(0+8))& (0+127)
   100  0016                     end_of_initialization:	
   101                           ;End of C runtime variable initialization code
   102                           
   103  0016                     __end_of__initialization:	
   104  0016  0183               	clrf	3
   105  0017  120A  118A  281A   	ljmp	_main	;jump to C main() function
   106                           
   107                           	psect	bitbssCOMMON
   108  03C8                     __pbitbssCOMMON:	
   109  03C8                     _count_flag:	
   110  03C8                     	ds	1
   111                           
   112                           	psect	cstackCOMMON
   113  0070                     __pcstackCOMMON:	
   114  0070                     ?_ISR:	
   115  0070                     ??_ISR:	
   116                           ; 0 bytes @ 0x0
   117                           
   118  0070                     ?_main:	
   119                           ; 0 bytes @ 0x0
   120                           
   121                           
   122                           ; 0 bytes @ 0x0
   123  0070                     	ds	4
   124  0074                     ?_delay:	
   125  0074                     delay@num:	
   126                           ; 0 bytes @ 0x4
   127                           
   128                           
   129                           ; 2 bytes @ 0x4
   130  0074                     	ds	2
   131  0076                     ??_delay:	
   132                           
   133                           ; 0 bytes @ 0x6
   134  0076                     	ds	1
   135  0077                     delay@flags:	
   136                           
   137                           ; 2 bytes @ 0x7
   138  0077                     	ds	2
   139  0079                     ??_main:	
   140                           
   141                           	psect	maintext
   142  001A                     __pmaintext:	
   143                           ; 0 bytes @ 0x9
   144 ;;
   145 ;;Main: autosize = 0, tempsize = 0, incstack = 0, save=0
   146 ;;
   147 ;; *************** function _main *****************
   148 ;; Defined at:
   149 ;;		line 39 in file "D:\Embedded-Systems\Practice\Sync TX and RX\MPLAB\tx.c"
   150 ;; Parameters:    Size  Location     Type
   151 ;;		None
   152 ;; Auto vars:     Size  Location     Type
   153 ;;		None
   154 ;; Return value:  Size  Location     Type
   155 ;;		None               void
   156 ;; Registers used:
   157 ;;		wreg, status,2, status,0, pclath, cstack
   158 ;; Tracked objects:
   159 ;;		On entry : 17F/0
   160 ;;		On exit  : 0/0
   161 ;;		Unchanged: 0/0
   162 ;; Data sizes:     COMMON   BANK0   BANK1   BANK3   BANK2
   163 ;;      Params:         0       0       0       0       0
   164 ;;      Locals:         0       0       0       0       0
   165 ;;      Temps:          0       0       0       0       0
   166 ;;      Totals:         0       0       0       0       0
   167 ;;Total ram usage:        0 bytes
   168 ;; Hardware stack levels required when called:    2
   169 ;; This function calls:
   170 ;;		_delay
   171 ;; This function is called by:
   172 ;;		Startup code after reset
   173 ;; This function uses a non-reentrant model
   174 ;;
   175                           
   176                           
   177                           ;psect for function _main
   178  001A                     _main:	
   179                           
   180                           ;tx.c: 41: SPBRG = 0x67;
   181                           
   182                           ;incstack = 0
   183                           ; Regs used in _main: [wreg+status,2+status,0+pclath+cstack]
   184  001A  3067               	movlw	103
   185  001B  1683               	bsf	3,5	;RP0=1, select bank1
   186  001C  1303               	bcf	3,6	;RP1=0, select bank1
   187  001D  0099               	movwf	25	;volatile
   188                           
   189                           ;tx.c: 43: SYNC = 1;
   190  001E  1618               	bsf	24,4	;volatile
   191                           
   192                           ;tx.c: 44: SPEN = 1;
   193  001F  1283               	bcf	3,5	;RP0=0, select bank0
   194  0020  1303               	bcf	3,6	;RP1=0, select bank0
   195  0021  1798               	bsf	24,7	;volatile
   196                           
   197                           ;tx.c: 45: CSRC = 1;
   198  0022  1683               	bsf	3,5	;RP0=1, select bank1
   199  0023  1303               	bcf	3,6	;RP1=0, select bank1
   200  0024  1798               	bsf	24,7	;volatile
   201                           
   202                           ;tx.c: 46: TXIE = 1;
   203  0025  160C               	bsf	12,4	;volatile
   204                           
   205                           ;tx.c: 47: TX9 = 0;
   206  0026  1318               	bcf	24,6	;volatile
   207                           
   208                           ;tx.c: 48: TXEN = 1;
   209  0027  1698               	bsf	24,5	;volatile
   210                           
   211                           ;tx.c: 49: PEIE = 1;
   212  0028  170B               	bsf	11,6	;volatile
   213                           
   214                           ;tx.c: 50: GIE = 1;
   215  0029  178B               	bsf	11,7	;volatile
   216                           
   217                           ;tx.c: 52: TRISC6 = 0;
   218  002A  1307               	bcf	7,6	;volatile
   219                           
   220                           ;tx.c: 53: TRISC7 = 0;
   221  002B  1387               	bcf	7,7	;volatile
   222  002C                     l539:	
   223                           ;tx.c: 55: while (1)
   224                           
   225                           
   226                           ;tx.c: 56: {
   227                           ;tx.c: 58: if (!TXIE)
   228  002C  1A0C               	btfsc	12,4	;volatile
   229  002D  282C               	goto	l539
   230                           
   231                           ;tx.c: 59: {
   232                           ;tx.c: 60: delay(10);
   233  002E  300A               	movlw	10
   234  002F  00F4               	movwf	delay@num
   235  0030  3000               	movlw	0
   236  0031  00F5               	movwf	delay@num+1
   237  0032  120A  118A  2054  120A  118A  	fcall	_delay
   238                           
   239                           ;tx.c: 61: TXIE = 1;
   240  0037  1683               	bsf	3,5	;RP0=1, select bank1
   241  0038  1303               	bcf	3,6	;RP1=0, select bank1
   242  0039  160C               	bsf	12,4	;volatile
   243  003A  282C               	goto	l539
   244  003B                     __end_of_main:	
   245                           
   246                           	psect	text1
   247  0054                     __ptext1:	
   248 ;; *************** function _delay *****************
   249 ;; Defined at:
   250 ;;		line 16 in file "D:\Embedded-Systems\Practice\Sync TX and RX\MPLAB\tx.c"
   251 ;; Parameters:    Size  Location     Type
   252 ;;  num             2    4[COMMON] int 
   253 ;; Auto vars:     Size  Location     Type
   254 ;;  flags           2    7[COMMON] int 
   255 ;; Return value:  Size  Location     Type
   256 ;;		None               void
   257 ;; Registers used:
   258 ;;		wreg, status,2
   259 ;; Tracked objects:
   260 ;;		On entry : 0/0
   261 ;;		On exit  : 0/0
   262 ;;		Unchanged: 0/0
   263 ;; Data sizes:     COMMON   BANK0   BANK1   BANK3   BANK2
   264 ;;      Params:         2       0       0       0       0
   265 ;;      Locals:         2       0       0       0       0
   266 ;;      Temps:          1       0       0       0       0
   267 ;;      Totals:         5       0       0       0       0
   268 ;;Total ram usage:        5 bytes
   269 ;; Hardware stack levels used:    1
   270 ;; Hardware stack levels required when called:    1
   271 ;; This function calls:
   272 ;;		Nothing
   273 ;; This function is called by:
   274 ;;		_main
   275 ;; This function uses a non-reentrant model
   276 ;;
   277                           
   278                           
   279                           ;psect for function _delay
   280  0054                     _delay:	
   281                           
   282                           ;tx.c: 18: int flags = 0;
   283                           
   284                           ;incstack = 0
   285                           ; Regs used in _delay: [wreg+status,2]
   286  0054  01F7               	clrf	delay@flags
   287  0055  01F8               	clrf	delay@flags+1
   288  0056                     l31:	
   289                           ;tx.c: 20: while (flags < num)
   290                           
   291  0056  0878               	movf	delay@flags+1,w
   292  0057  3A80               	xorlw	128
   293  0058  00F6               	movwf	??_delay
   294  0059  0875               	movf	delay@num+1,w
   295  005A  3A80               	xorlw	128
   296  005B  0276               	subwf	??_delay,w
   297  005C  1D03               	skipz
   298  005D  2860               	goto	u25
   299  005E  0874               	movf	delay@num,w
   300  005F  0277               	subwf	delay@flags,w
   301  0060                     u25:	
   302  0060  1803               	btfsc	3,0
   303  0061  0008               	return
   304                           
   305                           ;tx.c: 21: {
   306                           ;tx.c: 22: if (count_flag)
   307  0062  1C79               	btfss	_count_flag/(0+8),_count_flag& (0+7)
   308  0063  2856               	goto	l31
   309                           
   310                           ;tx.c: 23: {
   311                           ;tx.c: 24: count_flag = 0;
   312  0064  1079               	bcf	_count_flag/(0+8),_count_flag& (0+7)
   313                           
   314                           ;tx.c: 25: flags++;
   315  0065  3001               	movlw	1
   316  0066  07F7               	addwf	delay@flags,f
   317  0067  1803               	skipnc
   318  0068  0AF8               	incf	delay@flags+1,f
   319  0069  3000               	movlw	0
   320  006A  07F8               	addwf	delay@flags+1,f
   321  006B  2856               	goto	l31
   322  006C                     __end_of_delay:	
   323                           
   324                           	psect	text2
   325  003B                     __ptext2:	
   326 ;; *************** function _ISR *****************
   327 ;; Defined at:
   328 ;;		line 30 in file "D:\Embedded-Systems\Practice\Sync TX and RX\MPLAB\tx.c"
   329 ;; Parameters:    Size  Location     Type
   330 ;;		None
   331 ;; Auto vars:     Size  Location     Type
   332 ;;		None
   333 ;; Return value:  Size  Location     Type
   334 ;;		None               void
   335 ;; Registers used:
   336 ;;		wreg
   337 ;; Tracked objects:
   338 ;;		On entry : 0/0
   339 ;;		On exit  : 0/0
   340 ;;		Unchanged: 0/0
   341 ;; Data sizes:     COMMON   BANK0   BANK1   BANK3   BANK2
   342 ;;      Params:         0       0       0       0       0
   343 ;;      Locals:         0       0       0       0       0
   344 ;;      Temps:          4       0       0       0       0
   345 ;;      Totals:         4       0       0       0       0
   346 ;;Total ram usage:        4 bytes
   347 ;; Hardware stack levels used:    1
   348 ;; This function calls:
   349 ;;		Nothing
   350 ;; This function is called by:
   351 ;;		Interrupt level 1
   352 ;; This function uses a non-reentrant model
   353 ;;
   354                           
   355                           
   356                           ;psect for function _ISR
   357  003B                     _ISR:	
   358                           
   359                           ;tx.c: 32: if (TXIF && TXIE)
   360  003B  1E0C               	btfss	12,4	;volatile
   361  003C  2848               	goto	i1l39
   362  003D  1683               	bsf	3,5	;RP0=1, select bank1
   363  003E  1303               	bcf	3,6	;RP1=0, select bank1
   364  003F  1E0C               	btfss	12,4	;volatile
   365  0040  2848               	goto	i1l39
   366                           
   367                           ;tx.c: 33: {
   368                           ;tx.c: 34: TXREG = '2';
   369  0041  3032               	movlw	50
   370  0042  1283               	bcf	3,5	;RP0=0, select bank0
   371  0043  1303               	bcf	3,6	;RP1=0, select bank0
   372  0044  0099               	movwf	25	;volatile
   373                           
   374                           ;tx.c: 35: TXIE = 0;
   375  0045  1683               	bsf	3,5	;RP0=1, select bank1
   376  0046  1303               	bcf	3,6	;RP1=0, select bank1
   377  0047  120C               	bcf	12,4	;volatile
   378  0048                     i1l39:	
   379  0048  0873               	movf	??_ISR+3,w
   380  0049  1283               	bcf	3,5	;RP0=0, select bank0
   381  004A  00FF               	movwf	127
   382  004B  0872               	movf	??_ISR+2,w
   383  004C  008A               	movwf	10
   384  004D  0871               	movf	??_ISR+1,w
   385  004E  0084               	movwf	4
   386  004F  0E70               	swapf	??_ISR^(0+-128),w
   387  0050  0083               	movwf	3
   388  0051  0EFE               	swapf	126,f
   389  0052  0E7E               	swapf	126,w
   390  0053  0009               	retfie
   391  0054                     __end_of_ISR:	
   392  007E                     btemp	set	126	;btemp
   393  007E                     wtemp	set	126
   394  007E                     wtemp0	set	126
   395  0080                     wtemp1	set	128
   396  0082                     wtemp2	set	130
   397  0084                     wtemp3	set	132
   398  0086                     wtemp4	set	134
   399  0088                     wtemp5	set	136
   400  007F                     wtemp6	set	127
   401  007E                     ttemp	set	126
   402  007E                     ttemp0	set	126
   403  0081                     ttemp1	set	129
   404  0084                     ttemp2	set	132
   405  0087                     ttemp3	set	135
   406  007F                     ttemp4	set	127
   407  007E                     ltemp	set	126
   408  007E                     ltemp0	set	126
   409  0082                     ltemp1	set	130
   410  0086                     ltemp2	set	134
   411  0080                     ltemp3	set	128
   412                           
   413                           	psect	intentry
   414  0004                     __pintentry:	
   415                           ;incstack = 0
   416                           ; Regs used in _ISR: [wreg]
   417                           
   418  0004                     interrupt_function:	
   419  007E                     saved_w	set	btemp
   420  0004  00FE               	movwf	btemp
   421  0005  0E03               	swapf	3,w
   422  0006  00F0               	movwf	??_ISR
   423  0007  0804               	movf	4,w
   424  0008  00F1               	movwf	??_ISR+1
   425  0009  080A               	movf	10,w
   426  000A  00F2               	movwf	??_ISR+2
   427  000B  1283               	bcf	3,5	;RP0=0, select bank0
   428  000C  1303               	bcf	3,6	;RP1=0, select bank0
   429  000D  087F               	movf	btemp+1,w
   430  000E  00F3               	movwf	??_ISR+3
   431  000F  120A  118A  283B   	ljmp	_ISR


Data Sizes:
    Strings     0
    Constant    0
    Data        0
    BSS         0
    Persistent  0
    Stack       0

Auto Spaces:
    Space          Size  Autos    Used
    COMMON           14      9      10
    BANK0            80      0       0
    BANK1            80      0       0
    BANK3            96      0       0
    BANK2            96      0       0

Pointer List with Targets:

    None.

Critical Paths under _main in COMMON

    _main->_delay

Critical Paths under _ISR in COMMON

    None.

Critical Paths under _main in BANK0

    None.

Critical Paths under _ISR in BANK0

    None.

Critical Paths under _main in BANK1

    None.

Critical Paths under _ISR in BANK1

    None.

Critical Paths under _main in BANK3

    None.

Critical Paths under _ISR in BANK3

    None.

Critical Paths under _main in BANK2

    None.

Critical Paths under _ISR in BANK2

    None.

Call Graph Tables:

 ---------------------------------------------------------------------------------
 (Depth) Function   	        Calls       Base Space   Used Autos Params    Refs
 ---------------------------------------------------------------------------------
 (0) _main                                                 0     0      0      73
                              _delay
 ---------------------------------------------------------------------------------
 (1) _delay                                                5     3      2      73
                                              4 COMMON     5     3      2
 ---------------------------------------------------------------------------------
 Estimated maximum stack depth 1
 ---------------------------------------------------------------------------------
 (Depth) Function   	        Calls       Base Space   Used Autos Params    Refs
 ---------------------------------------------------------------------------------
 (2) _ISR                                                  4     4      0       0
                                              0 COMMON     4     4      0
 ---------------------------------------------------------------------------------
 Estimated maximum stack depth 2
 ---------------------------------------------------------------------------------

 Call Graph Graphs:

 _main (ROOT)
   _delay

 _ISR (ROOT)

 Address spaces:
Name               Size   Autos  Total    Cost      Usage
BITCOMMON            E      0       1       0        7.1%
EEDATA             100      0       0       0        0.0%
NULL                 0      0       0       0        0.0%
CODE                 0      0       0       0        0.0%
COMMON               E      9       A       1       71.4%
BITSFR0              0      0       0       1        0.0%
SFR0                 0      0       0       1        0.0%
BITSFR1              0      0       0       2        0.0%
SFR1                 0      0       0       2        0.0%
STACK                0      0       0       2        0.0%
ABS                  0      0       A       3        0.0%
BITBANK0            50      0       0       4        0.0%
BITSFR3              0      0       0       4        0.0%
SFR3                 0      0       0       4        0.0%
BANK0               50      0       0       5        0.0%
BITSFR2              0      0       0       5        0.0%
SFR2                 0      0       0       5        0.0%
BITBANK1            50      0       0       6        0.0%
BANK1               50      0       0       7        0.0%
BITBANK3            60      0       0       8        0.0%
BANK3               60      0       0       9        0.0%
BITBANK2            60      0       0      10        0.0%
BANK2               60      0       0      11        0.0%
DATA                 0      0       A      12        0.0%


Microchip Technology PIC Macro Assembler V1.33 build 59893 
Symbol Table                                                                                   Sun Apr 13 23:58:51 2025

            __CFG_CP$OFF 0000                       l31 0056                       u25 0060  
                    l539 002C                      _GIE 005F             __CFG_CPD$OFF 0000  
                    _ISR 003B                      _TX9 04C6                      fsr0 0004  
           __CFG_FOSC$XT 0000             __CFG_LVP$OFF 0000                     ?_ISR 0070  
                   _CSRC 04C7                     _PEIE 005E                     i1l39 0048  
                   _SPEN 00C7                     _TXIE 0464                     _TXEN 04C5  
                   _TXIF 0064                     _SYNC 04C4             __CFG_WRT$OFF 0000  
                   _main 001A                     btemp 007E            __CFG_BOREN$ON 0000  
                   ltemp 007E                     start 0012                     ttemp 007E  
                   wtemp 007E                    ??_ISR 0070                    ?_main 0070  
          __CFG_WDTE$OFF 0000                    _SPBRG 0099                    _TXREG 0019  
          __CFG_PWRTE$ON 0000                    _delay 0054           __pbitbssCOMMON 03C8  
                  pclath 000A                    ltemp0 007E                    ltemp1 0082  
                  ltemp2 0086                    ltemp3 0080                    ttemp0 007E  
                  ttemp1 0081                    ttemp2 0084                    ttemp3 0087  
                  ttemp4 007F                    status 0003                    wtemp0 007E  
                  wtemp1 0080                    wtemp2 0082                    wtemp3 0084  
                  wtemp4 0086                    wtemp5 0088                    wtemp6 007F  
        __initialization 0015             __end_of_main 003B                   ??_main 0079  
                 ?_delay 0074                   _TRISC6 043E                   _TRISC7 043F  
                 saved_w 007E  __end_of__initialization 0016           __pcstackCOMMON 0070  
          __end_of_delay 006C                  ??_delay 0076               __pmaintext 001A  
             __pintentry 0004               _count_flag 03C8                  __ptext0 0000  
                __ptext1 0054                  __ptext2 003B             __size_of_ISR 0019  
             delay@flags 0077     end_of_initialization 0016      start_initialization 0015  
            __end_of_ISR 0054                ___latbits 0002           __size_of_delay 0018  
      interrupt_function 0004            __size_of_main 0021                 delay@num 0074  
               intlevel1 0000  
