

Microchip Technology PIC LITE Macro Assembler V1.33 build 59893 
                                                                                               Sun Apr 27 21:09:08 2025

Microchip Technology Omniscient Code Generator (Lite mode) build 59893
     1                           	processor	16F877A
     2                           	opt	pw 120
     3                           	opt	lm
     4                           	psect	text0,local,class=CODE,merge=1,delta=2
     5                           	psect	cinit,global,class=CODE,merge=1,delta=2
     6                           	psect	cstackCOMMON,global,class=COMMON,space=1,delta=1
     7                           	psect	maintext,global,class=CODE,split=1,delta=2
     8                           	psect	text1,local,class=CODE,merge=1,delta=2
     9                           	psect	text2,local,class=CODE,merge=1,delta=2
    10                           	psect	intentry,global,class=CODE,delta=2
    11                           	dabs	1,0x7E,2
    12  0000                     	;# 
    13  0001                     	;# 
    14  0002                     	;# 
    15  0003                     	;# 
    16  0004                     	;# 
    17  0005                     	;# 
    18  0006                     	;# 
    19  0007                     	;# 
    20  0008                     	;# 
    21  0009                     	;# 
    22  000A                     	;# 
    23  000B                     	;# 
    24  000C                     	;# 
    25  000D                     	;# 
    26  000E                     	;# 
    27  000E                     	;# 
    28  000F                     	;# 
    29  0010                     	;# 
    30  0011                     	;# 
    31  0012                     	;# 
    32  0013                     	;# 
    33  0014                     	;# 
    34  0015                     	;# 
    35  0015                     	;# 
    36  0016                     	;# 
    37  0017                     	;# 
    38  0018                     	;# 
    39  0019                     	;# 
    40  001A                     	;# 
    41  001B                     	;# 
    42  001B                     	;# 
    43  001C                     	;# 
    44  001D                     	;# 
    45  001E                     	;# 
    46  001F                     	;# 
    47  0081                     	;# 
    48  0085                     	;# 
    49  0086                     	;# 
    50  0087                     	;# 
    51  0088                     	;# 
    52  0089                     	;# 
    53  008C                     	;# 
    54  008D                     	;# 
    55  008E                     	;# 
    56  0091                     	;# 
    57  0092                     	;# 
    58  0093                     	;# 
    59  0094                     	;# 
    60  0098                     	;# 
    61  0099                     	;# 
    62  009C                     	;# 
    63  009D                     	;# 
    64  009E                     	;# 
    65  009F                     	;# 
    66  010C                     	;# 
    67  010D                     	;# 
    68  010E                     	;# 
    69  010F                     	;# 
    70  018C                     	;# 
    71  018D                     	;# 
    72  0006                     _PORTB	set	6
    73  0008                     _PORTD	set	8
    74  0013                     _SSPBUF	set	19
    75  0014                     _SSPCON	set	20
    76  00A4                     _CKP	set	164
    77  005F                     _GIE	set	95
    78  005E                     _PEIE	set	94
    79  0063                     _SSPIF	set	99
    80  00A6                     _SSPOV	set	166
    81  00A7                     _WCOL	set	167
    82  0093                     _SSPADD	set	147
    83  0091                     _SSPCON2	set	145
    84  0094                     _SSPSTAT	set	148
    85  0094                     _SSPSTATbits	set	148
    86  0086                     _TRISB	set	134
    87  0088                     _TRISD	set	136
    88  04A0                     _BF	set	1184
    89  0463                     _SSPIE	set	1123
    90  043B                     _TRISC3	set	1083
    91  043C                     _TRISC4	set	1084
    92                           
    93                           	psect	text0
    94  0000                     __ptext0:	
    95                           ; #config settings
    96                           
    97                           
    98                           ;psect for function _ISR
    99  0000                     
   100                           	psect	cinit
   101  0015                     start_initialization:	
   102  0015                     __initialization:	
   103  0015                     end_of_initialization:	
   104                           ;End of C runtime variable initialization code
   105                           
   106  0015                     __end_of__initialization:	
   107  0015  0183               	clrf	3
   108  0016  120A  118A  2874   	ljmp	_main	;jump to C main() function
   109                           
   110                           	psect	cstackCOMMON
   111  0070                     __pcstackCOMMON:	
   112  0070                     ?_init_I2C_Slave:	
   113  0070                     ?_ISR:	
   114                           ; 0 bytes @ 0x0
   115                           
   116  0070                     ??_ISR:	
   117                           ; 0 bytes @ 0x0
   118                           
   119  0070                     ?_main:	
   120                           ; 0 bytes @ 0x0
   121                           
   122                           
   123                           ; 0 bytes @ 0x0
   124  0070                     	ds	5
   125  0075                     ISR@temp:	
   126                           
   127                           ; 1 bytes @ 0x5
   128  0075                     	ds	1
   129  0076                     ??_init_I2C_Slave:	
   130  0076                     init_I2C_Slave@slave_add:	
   131                           ; 0 bytes @ 0x6
   132                           
   133                           
   134                           ; 1 bytes @ 0x6
   135  0076                     	ds	1
   136  0077                     ??_main:	
   137                           
   138                           	psect	maintext
   139  0074                     __pmaintext:	
   140                           ; 0 bytes @ 0x7
   141 ;;
   142 ;;Main: autosize = 0, tempsize = 0, incstack = 0, save=0
   143 ;;
   144 ;; *************** function _main *****************
   145 ;; Defined at:
   146 ;;		line 61 in file "D:\Embedded-Systems\Practical Activity #7\MPLAB\LE7-2-S.c"
   147 ;; Parameters:    Size  Location     Type
   148 ;;		None
   149 ;; Auto vars:     Size  Location     Type
   150 ;;		None
   151 ;; Return value:  Size  Location     Type
   152 ;;		None               void
   153 ;; Registers used:
   154 ;;		wreg, status,2, status,0, pclath, cstack
   155 ;; Tracked objects:
   156 ;;		On entry : 17F/0
   157 ;;		On exit  : 0/0
   158 ;;		Unchanged: 0/0
   159 ;; Data sizes:     COMMON   BANK0   BANK1   BANK3   BANK2
   160 ;;      Params:         0       0       0       0       0
   161 ;;      Locals:         0       0       0       0       0
   162 ;;      Temps:          0       0       0       0       0
   163 ;;      Totals:         0       0       0       0       0
   164 ;;Total ram usage:        0 bytes
   165 ;; Hardware stack levels required when called:    2
   166 ;; This function calls:
   167 ;;		_init_I2C_Slave
   168 ;; This function is called by:
   169 ;;		Startup code after reset
   170 ;; This function uses a non-reentrant model
   171 ;;
   172                           
   173                           
   174                           ;psect for function _main
   175  0074                     _main:	
   176                           
   177                           ;LE7-2-S.c: 63: TRISB = 0x00;
   178                           
   179                           ;incstack = 0
   180                           ; Regs used in _main: [wreg+status,2+status,0+pclath+cstack]
   181  0074  1683               	bsf	3,5	;RP0=1, select bank1
   182  0075  1303               	bcf	3,6	;RP1=0, select bank1
   183  0076  0186               	clrf	6	;volatile
   184                           
   185                           ;LE7-2-S.c: 64: PORTB = 0x00;
   186  0077  1283               	bcf	3,5	;RP0=0, select bank0
   187  0078  1303               	bcf	3,6	;RP1=0, select bank0
   188  0079  0186               	clrf	6	;volatile
   189                           
   190                           ;LE7-2-S.c: 65: TRISD = 0xFF;
   191  007A  30FF               	movlw	255
   192  007B  1683               	bsf	3,5	;RP0=1, select bank1
   193  007C  1303               	bcf	3,6	;RP1=0, select bank1
   194  007D  0088               	movwf	8	;volatile
   195                           
   196                           ;LE7-2-S.c: 66: init_I2C_Slave(0x10);
   197  007E  3010               	movlw	16
   198  007F  120A  118A  205C  120A  118A  	fcall	_init_I2C_Slave
   199  0084                     l61:	
   200                           ;LE7-2-S.c: 68: for (;;)
   201                           
   202                           
   203                           ;LE7-2-S.c: 69: {
   204                           ;LE7-2-S.c: 70: }
   205  0084  2884               	goto	l61
   206  0085                     __end_of_main:	
   207                           
   208                           	psect	text1
   209  005C                     __ptext1:	
   210 ;; *************** function _init_I2C_Slave *****************
   211 ;; Defined at:
   212 ;;		line 13 in file "D:\Embedded-Systems\Practical Activity #7\MPLAB\LE7-2-S.c"
   213 ;; Parameters:    Size  Location     Type
   214 ;;  slave_add       1    wreg     unsigned char 
   215 ;; Auto vars:     Size  Location     Type
   216 ;;  slave_add       1    6[COMMON] unsigned char 
   217 ;; Return value:  Size  Location     Type
   218 ;;		None               void
   219 ;; Registers used:
   220 ;;		wreg
   221 ;; Tracked objects:
   222 ;;		On entry : 0/0
   223 ;;		On exit  : 0/0
   224 ;;		Unchanged: 0/0
   225 ;; Data sizes:     COMMON   BANK0   BANK1   BANK3   BANK2
   226 ;;      Params:         0       0       0       0       0
   227 ;;      Locals:         1       0       0       0       0
   228 ;;      Temps:          0       0       0       0       0
   229 ;;      Totals:         1       0       0       0       0
   230 ;;Total ram usage:        1 bytes
   231 ;; Hardware stack levels used:    1
   232 ;; Hardware stack levels required when called:    1
   233 ;; This function calls:
   234 ;;		Nothing
   235 ;; This function is called by:
   236 ;;		_main
   237 ;; This function uses a non-reentrant model
   238 ;;
   239                           
   240                           
   241                           ;psect for function _init_I2C_Slave
   242  005C                     _init_I2C_Slave:	
   243                           
   244                           ;incstack = 0
   245                           ; Regs used in _init_I2C_Slave: [wreg]
   246                           ;init_I2C_Slave@slave_add stored from wreg
   247  005C  00F6               	movwf	init_I2C_Slave@slave_add
   248                           
   249                           ;LE7-2-S.c: 15: TRISC3 = 1;
   250  005D  1683               	bsf	3,5	;RP0=1, select bank1
   251  005E  1303               	bcf	3,6	;RP1=0, select bank1
   252  005F  1587               	bsf	7,3	;volatile
   253                           
   254                           ;LE7-2-S.c: 16: TRISC4 = 1;
   255  0060  1607               	bsf	7,4	;volatile
   256                           
   257                           ;LE7-2-S.c: 17: SSPCON = 0x36;
   258  0061  3036               	movlw	54
   259  0062  1283               	bcf	3,5	;RP0=0, select bank0
   260  0063  1303               	bcf	3,6	;RP1=0, select bank0
   261  0064  0094               	movwf	20	;volatile
   262                           
   263                           ;LE7-2-S.c: 19: SSPCON2 = 0x01;
   264  0065  3001               	movlw	1
   265  0066  1683               	bsf	3,5	;RP0=1, select bank1
   266  0067  1303               	bcf	3,6	;RP1=0, select bank1
   267  0068  0091               	movwf	17	;volatile
   268                           
   269                           ;LE7-2-S.c: 21: SSPSTAT = 0x80;
   270  0069  3080               	movlw	128
   271  006A  0094               	movwf	20	;volatile
   272                           
   273                           ;LE7-2-S.c: 22: SSPADD = slave_add;
   274  006B  0876               	movf	init_I2C_Slave@slave_add,w
   275  006C  0093               	movwf	19	;volatile
   276                           
   277                           ;LE7-2-S.c: 23: SSPIE = 1;
   278  006D  158C               	bsf	12,3	;volatile
   279                           
   280                           ;LE7-2-S.c: 24: SSPIF = 0;
   281  006E  1283               	bcf	3,5	;RP0=0, select bank0
   282  006F  1303               	bcf	3,6	;RP1=0, select bank0
   283  0070  118C               	bcf	12,3	;volatile
   284                           
   285                           ;LE7-2-S.c: 25: PEIE = 1;
   286  0071  170B               	bsf	11,6	;volatile
   287                           
   288                           ;LE7-2-S.c: 26: GIE = 1;
   289  0072  178B               	bsf	11,7	;volatile
   290  0073  0008               	return
   291  0074                     __end_of_init_I2C_Slave:	
   292                           
   293                           	psect	text2
   294  0019                     __ptext2:	
   295 ;; *************** function _ISR *****************
   296 ;; Defined at:
   297 ;;		line 29 in file "D:\Embedded-Systems\Practical Activity #7\MPLAB\LE7-2-S.c"
   298 ;; Parameters:    Size  Location     Type
   299 ;;		None
   300 ;; Auto vars:     Size  Location     Type
   301 ;;  temp            1    5[COMMON] unsigned char 
   302 ;; Return value:  Size  Location     Type
   303 ;;		None               void
   304 ;; Registers used:
   305 ;;		wreg
   306 ;; Tracked objects:
   307 ;;		On entry : 0/0
   308 ;;		On exit  : 0/0
   309 ;;		Unchanged: 0/0
   310 ;; Data sizes:     COMMON   BANK0   BANK1   BANK3   BANK2
   311 ;;      Params:         0       0       0       0       0
   312 ;;      Locals:         1       0       0       0       0
   313 ;;      Temps:          5       0       0       0       0
   314 ;;      Totals:         6       0       0       0       0
   315 ;;Total ram usage:        6 bytes
   316 ;; Hardware stack levels used:    1
   317 ;; This function calls:
   318 ;;		Nothing
   319 ;; This function is called by:
   320 ;;		Interrupt level 1
   321 ;; This function uses a non-reentrant model
   322 ;;
   323                           
   324                           
   325                           ;psect for function _ISR
   326  0019                     _ISR:	
   327                           
   328                           ;LE7-2-S.c: 31: unsigned char temp;
   329                           ;LE7-2-S.c: 32: CKP = 0;
   330  0019  1214               	bcf	20,4	;volatile
   331                           
   332                           ;LE7-2-S.c: 33: if (WCOL || SSPOV)
   333  001A  1B94               	btfsc	20,7	;volatile
   334  001B  281E               	goto	i1l536
   335  001C  1F14               	btfss	20,6	;volatile
   336  001D  2825               	goto	i1l544
   337  001E                     i1l536:	
   338                           
   339                           ;LE7-2-S.c: 34: {
   340                           ;LE7-2-S.c: 35: temp = SSPBUF;
   341  001E  0813               	movf	19,w	;volatile
   342  001F  00F0               	movwf	??_ISR
   343  0020  0870               	movf	??_ISR,w
   344  0021  00F5               	movwf	ISR@temp
   345                           
   346                           ;LE7-2-S.c: 36: WCOL = 0;
   347  0022  1394               	bcf	20,7	;volatile
   348                           
   349                           ;LE7-2-S.c: 37: SSPOV = 0;
   350  0023  1314               	bcf	20,6	;volatile
   351                           
   352                           ;LE7-2-S.c: 38: CKP = 1;
   353  0024  1614               	bsf	20,4	;volatile
   354  0025                     i1l544:	
   355                           
   356                           ;LE7-2-S.c: 39: }
   357                           ;LE7-2-S.c: 41: if (!SSPSTATbits.D_nA && !SSPSTATbits.R_nW)
   358  0025  1683               	bsf	3,5	;RP0=1, select bank1
   359  0026  1303               	bcf	3,6	;RP1=0, select bank1
   360  0027  1E94               	btfss	20,5	;volatile
   361  0028  1914               	btfsc	20,2	;volatile
   362  0029  283A               	goto	i1l49
   363                           
   364                           ;LE7-2-S.c: 42: {
   365                           ;LE7-2-S.c: 43: temp = SSPBUF;
   366  002A  1283               	bcf	3,5	;RP0=0, select bank0
   367  002B  1303               	bcf	3,6	;RP1=0, select bank0
   368  002C  0813               	movf	19,w	;volatile
   369  002D  00F0               	movwf	??_ISR
   370  002E  0870               	movf	??_ISR,w
   371  002F  00F5               	movwf	ISR@temp
   372  0030                     i1l50:	
   373                           ;LE7-2-S.c: 45: ;
   374                           
   375                           ;LE7-2-S.c: 44: while (!BF)
   376                           
   377  0030  1683               	bsf	3,5	;RP0=1, select bank1
   378  0031  1303               	bcf	3,6	;RP1=0, select bank1
   379  0032  1C14               	btfss	20,0	;volatile
   380  0033  2830               	goto	i1l50
   381                           
   382                           ;LE7-2-S.c: 46: PORTB = SSPBUF;
   383  0034  1283               	bcf	3,5	;RP0=0, select bank0
   384  0035  1303               	bcf	3,6	;RP1=0, select bank0
   385  0036  0813               	movf	19,w	;volatile
   386  0037  0086               	movwf	6	;volatile
   387                           
   388                           ;LE7-2-S.c: 47: CKP = 1;
   389  0038  1614               	bsf	20,4	;volatile
   390                           
   391                           ;LE7-2-S.c: 48: }
   392  0039  284F               	goto	i1l53
   393  003A                     i1l49:	
   394                           
   395                           ;LE7-2-S.c: 49: else if (!SSPSTATbits.D_nA && SSPSTATbits.R_nW)
   396  003A  1E94               	btfss	20,5	;volatile
   397  003B  1D14               	btfss	20,2	;volatile
   398  003C  284F               	goto	i1l53
   399                           
   400                           ;LE7-2-S.c: 50: {
   401                           ;LE7-2-S.c: 51: temp = SSPBUF;
   402  003D  1283               	bcf	3,5	;RP0=0, select bank0
   403  003E  1303               	bcf	3,6	;RP1=0, select bank0
   404  003F  0813               	movf	19,w	;volatile
   405  0040  00F0               	movwf	??_ISR
   406  0041  0870               	movf	??_ISR,w
   407  0042  00F5               	movwf	ISR@temp
   408                           
   409                           ;LE7-2-S.c: 52: BF = 0;
   410  0043  1683               	bsf	3,5	;RP0=1, select bank1
   411  0044  1303               	bcf	3,6	;RP1=0, select bank1
   412  0045  1014               	bcf	20,0	;volatile
   413                           
   414                           ;LE7-2-S.c: 53: SSPBUF = PORTD;
   415  0046  1283               	bcf	3,5	;RP0=0, select bank0
   416  0047  1303               	bcf	3,6	;RP1=0, select bank0
   417  0048  0808               	movf	8,w	;volatile
   418  0049  0093               	movwf	19	;volatile
   419                           
   420                           ;LE7-2-S.c: 54: CKP = 1;
   421  004A  1614               	bsf	20,4	;volatile
   422  004B                     i1l55:	
   423                           ;LE7-2-S.c: 56: ;
   424                           
   425                           ;LE7-2-S.c: 55: while (BF)
   426                           
   427  004B  1683               	bsf	3,5	;RP0=1, select bank1
   428  004C  1303               	bcf	3,6	;RP1=0, select bank1
   429  004D  1814               	btfsc	20,0	;volatile
   430  004E  284B               	goto	i1l55
   431  004F                     i1l53:	
   432                           
   433                           ;LE7-2-S.c: 57: }
   434                           ;LE7-2-S.c: 58: SSPIF = 0;
   435  004F  1283               	bcf	3,5	;RP0=0, select bank0
   436  0050  118C               	bcf	12,3	;volatile
   437  0051  0874               	movf	??_ISR+4,w
   438  0052  00FF               	movwf	127
   439  0053  0873               	movf	??_ISR+3,w
   440  0054  008A               	movwf	10
   441  0055  0872               	movf	??_ISR+2,w
   442  0056  0084               	movwf	4
   443  0057  0E71               	swapf	(??_ISR+1)^(0+-128),w
   444  0058  0083               	movwf	3
   445  0059  0EFE               	swapf	126,f
   446  005A  0E7E               	swapf	126,w
   447  005B  0009               	retfie
   448  005C                     __end_of_ISR:	
   449  007E                     btemp	set	126	;btemp
   450  007E                     wtemp	set	126
   451  007E                     wtemp0	set	126
   452  0080                     wtemp1	set	128
   453  0082                     wtemp2	set	130
   454  0084                     wtemp3	set	132
   455  0086                     wtemp4	set	134
   456  0088                     wtemp5	set	136
   457  007F                     wtemp6	set	127
   458  007E                     ttemp	set	126
   459  007E                     ttemp0	set	126
   460  0081                     ttemp1	set	129
   461  0084                     ttemp2	set	132
   462  0087                     ttemp3	set	135
   463  007F                     ttemp4	set	127
   464  007E                     ltemp	set	126
   465  007E                     ltemp0	set	126
   466  0082                     ltemp1	set	130
   467  0086                     ltemp2	set	134
   468  0080                     ltemp3	set	128
   469                           
   470                           	psect	intentry
   471  0004                     __pintentry:	
   472                           ;incstack = 0
   473                           ; Regs used in _ISR: [wreg]
   474                           
   475  0004                     interrupt_function:	
   476  007E                     saved_w	set	btemp
   477  0004  00FE               	movwf	btemp
   478  0005  0E03               	swapf	3,w
   479  0006  00F1               	movwf	??_ISR+1
   480  0007  0804               	movf	4,w
   481  0008  00F2               	movwf	??_ISR+2
   482  0009  080A               	movf	10,w
   483  000A  00F3               	movwf	??_ISR+3
   484  000B  1283               	bcf	3,5	;RP0=0, select bank0
   485  000C  1303               	bcf	3,6	;RP1=0, select bank0
   486  000D  087F               	movf	btemp+1,w
   487  000E  00F4               	movwf	??_ISR+4
   488  000F  120A  118A  2819   	ljmp	_ISR


Data Sizes:
    Strings     0
    Constant    0
    Data        0
    BSS         0
    Persistent  0
    Stack       0

Auto Spaces:
    Space          Size  Autos    Used
    COMMON           14      7       7
    BANK0            80      0       0
    BANK1            80      0       0
    BANK3            96      0       0
    BANK2            96      0       0

Pointer List with Targets:

    None.

Critical Paths under _main in COMMON

    _main->_init_I2C_Slave

Critical Paths under _ISR in COMMON

    None.

Critical Paths under _main in BANK0

    None.

Critical Paths under _ISR in BANK0

    None.

Critical Paths under _main in BANK1

    None.

Critical Paths under _ISR in BANK1

    None.

Critical Paths under _main in BANK3

    None.

Critical Paths under _ISR in BANK3

    None.

Critical Paths under _main in BANK2

    None.

Critical Paths under _ISR in BANK2

    None.

Call Graph Tables:

 ---------------------------------------------------------------------------------
 (Depth) Function   	        Calls       Base Space   Used Autos Params    Refs
 ---------------------------------------------------------------------------------
 (0) _main                                                 0     0      0      15
                     _init_I2C_Slave
 ---------------------------------------------------------------------------------
 (1) _init_I2C_Slave                                       1     1      0      15
                                              6 COMMON     1     1      0
 ---------------------------------------------------------------------------------
 Estimated maximum stack depth 1
 ---------------------------------------------------------------------------------
 (Depth) Function   	        Calls       Base Space   Used Autos Params    Refs
 ---------------------------------------------------------------------------------
 (2) _ISR                                                  6     6      0       0
                                              0 COMMON     6     6      0
 ---------------------------------------------------------------------------------
 Estimated maximum stack depth 2
 ---------------------------------------------------------------------------------

 Call Graph Graphs:

 _main (ROOT)
   _init_I2C_Slave

 _ISR (ROOT)

 Address spaces:
Name               Size   Autos  Total    Cost      Usage
BITCOMMON            E      0       0       0        0.0%
EEDATA             100      0       0       0        0.0%
NULL                 0      0       0       0        0.0%
CODE                 0      0       0       0        0.0%
COMMON               E      7       7       1       50.0%
BITSFR0              0      0       0       1        0.0%
SFR0                 0      0       0       1        0.0%
BITSFR1              0      0       0       2        0.0%
SFR1                 0      0       0       2        0.0%
STACK                0      0       0       2        0.0%
ABS                  0      0       0       3        0.0%
BITBANK0            50      0       0       4        0.0%
BITSFR3              0      0       0       4        0.0%
SFR3                 0      0       0       4        0.0%
BANK0               50      0       0       5        0.0%
BITSFR2              0      0       0       5        0.0%
SFR2                 0      0       0       5        0.0%
BITBANK1            50      0       0       6        0.0%
BANK1               50      0       0       7        0.0%
BITBANK3            60      0       0       8        0.0%
BANK3               60      0       0       9        0.0%
BITBANK2            60      0       0      10        0.0%
BANK2               60      0       0      11        0.0%
DATA                 0      0       0      12        0.0%


Microchip Technology PIC Macro Assembler V1.33 build 59893 
Symbol Table                                                                                   Sun Apr 27 21:09:08 2025

            __CFG_CP$OFF 0000              _SSPSTATbits 0094                       _BF 04A0  
                     l61 0084                      _CKP 00A4                      _GIE 005F  
           __CFG_CPD$OFF 0000                      _ISR 0019                      fsr0 0004  
           __CFG_FOSC$XT 0000             __CFG_LVP$OFF 0000                     ?_ISR 0070  
                   _PEIE 005E                     i1l50 0030                     i1l53 004F  
                   i1l55 004B                     i1l49 003A                     _WCOL 00A7  
           __CFG_WRT$OFF 0000                     _main 0074                     btemp 007E  
          __CFG_BOREN$ON 0000                     ltemp 007E                     start 0012  
                   ttemp 007E                     wtemp 007E                    ??_ISR 0070  
init_I2C_Slave@slave_add 0076                    ?_main 0070            __CFG_WDTE$OFF 0000  
                  i1l544 0025                    i1l536 001E                    _PORTB 0006  
                  _PORTD 0008                    _TRISB 0086                    _TRISD 0088  
                  _SSPIE 0463                    _SSPIF 0063                    _SSPOV 00A6  
          __CFG_PWRTE$ON 0000  __size_of_init_I2C_Slave 0018                    pclath 000A  
                  ltemp0 007E                    ltemp1 0082                    ltemp2 0086  
                  ltemp3 0080                    ttemp0 007E                    ttemp1 0081  
                  ttemp2 0084                    ttemp3 0087                    ttemp4 007F  
                  status 0003                    wtemp0 007E                    wtemp1 0080  
                  wtemp2 0082                    wtemp3 0084                    wtemp4 0086  
                  wtemp5 0088                    wtemp6 007F          __initialization 0015  
           __end_of_main 0085                   ??_main 0077                   _SSPADD 0093  
                 _TRISC3 043B                   _TRISC4 043C                   _SSPCON 0014  
                 _SSPBUF 0013                   saved_w 007E  __end_of__initialization 0015  
         __pcstackCOMMON 0070           _init_I2C_Slave 005C                  ISR@temp 0075  
             __pmaintext 0074               __pintentry 0004   __end_of_init_I2C_Slave 0074  
                _SSPCON2 0091                  _SSPSTAT 0094                  __ptext0 0000  
                __ptext1 005C                  __ptext2 0019             __size_of_ISR 0043  
        ?_init_I2C_Slave 0070     end_of_initialization 0015      start_initialization 0015  
            __end_of_ISR 005C                ___latbits 0002         ??_init_I2C_Slave 0076  
      interrupt_function 0004            __size_of_main 0011                 intlevel1 0000  
