

Microchip Technology PIC LITE Macro Assembler V1.33 build 59893 
                                                                                               Sun Apr 27 21:07:38 2025

Microchip Technology Omniscient Code Generator (Lite mode) build 59893
     1                           	processor	16F877A
     2                           	opt	pw 120
     3                           	opt	lm
     4                           	psect	text0,local,class=CODE,merge=1,delta=2
     5                           	psect	cinit,global,class=CODE,merge=1,delta=2
     6                           	psect	cstackCOMMON,global,class=COMMON,space=1,delta=1
     7                           	psect	maintext,global,class=CODE,split=1,delta=2
     8                           	psect	text1,local,class=CODE,merge=1,delta=2
     9                           	psect	text2,local,class=CODE,merge=1,delta=2
    10                           	psect	text3,local,class=CODE,merge=1,delta=2
    11                           	psect	text4,local,class=CODE,merge=1,delta=2
    12                           	psect	text5,local,class=CODE,merge=1,delta=2
    13                           	psect	text6,local,class=CODE,merge=1,delta=2
    14                           	dabs	1,0x7E,2
    15  0000                     	;# 
    16  0001                     	;# 
    17  0002                     	;# 
    18  0003                     	;# 
    19  0004                     	;# 
    20  0005                     	;# 
    21  0006                     	;# 
    22  0007                     	;# 
    23  0008                     	;# 
    24  0009                     	;# 
    25  000A                     	;# 
    26  000B                     	;# 
    27  000C                     	;# 
    28  000D                     	;# 
    29  000E                     	;# 
    30  000E                     	;# 
    31  000F                     	;# 
    32  0010                     	;# 
    33  0011                     	;# 
    34  0012                     	;# 
    35  0013                     	;# 
    36  0014                     	;# 
    37  0015                     	;# 
    38  0015                     	;# 
    39  0016                     	;# 
    40  0017                     	;# 
    41  0018                     	;# 
    42  0019                     	;# 
    43  001A                     	;# 
    44  001B                     	;# 
    45  001B                     	;# 
    46  001C                     	;# 
    47  001D                     	;# 
    48  001E                     	;# 
    49  001F                     	;# 
    50  0081                     	;# 
    51  0085                     	;# 
    52  0086                     	;# 
    53  0087                     	;# 
    54  0088                     	;# 
    55  0089                     	;# 
    56  008C                     	;# 
    57  008D                     	;# 
    58  008E                     	;# 
    59  0091                     	;# 
    60  0092                     	;# 
    61  0093                     	;# 
    62  0094                     	;# 
    63  0098                     	;# 
    64  0099                     	;# 
    65  009C                     	;# 
    66  009D                     	;# 
    67  009E                     	;# 
    68  009F                     	;# 
    69  010C                     	;# 
    70  010D                     	;# 
    71  010E                     	;# 
    72  010F                     	;# 
    73  018C                     	;# 
    74  018D                     	;# 
    75  0006                     _PORTB	set	6
    76  0008                     _PORTD	set	8
    77  0013                     _SSPBUF	set	19
    78  0014                     _SSPCON	set	20
    79  0093                     _SSPADD	set	147
    80  0091                     _SSPCON2	set	145
    81  0094                     _SSPSTAT	set	148
    82  0086                     _TRISB	set	134
    83  0088                     _TRISD	set	136
    84  048D                     _ACKDT	set	1165
    85  048C                     _ACKEN	set	1164
    86  048A                     _PEN	set	1162
    87  048B                     _RCEN	set	1163
    88  0489                     _RSEN	set	1161
    89  0488                     _SEN	set	1160
    90  043B                     _TRISC3	set	1083
    91  043C                     _TRISC4	set	1084
    92                           
    93                           	psect	text0
    94  0000                     __ptext0:	
    95                           ; #config settings
    96                           
    97                           
    98                           ;psect for function _I2C_Wait
    99  0000                     
   100                           	psect	cinit
   101  07FC                     start_initialization:	
   102  07FC                     __initialization:	
   103  07FC                     end_of_initialization:	
   104                           ;End of C runtime variable initialization code
   105                           
   106  07FC                     __end_of__initialization:	
   107  07FC  0183               	clrf	3
   108  07FD  120A  118A  2FA1   	ljmp	_main	;jump to C main() function
   109                           
   110                           	psect	cstackCOMMON
   111  0070                     __pcstackCOMMON:	
   112  0070                     ?_init_I2C_Master:	
   113  0070                     ??_init_I2C_Master:	
   114                           ; 0 bytes @ 0x0
   115                           
   116  0070                     ?_I2C_Wait:	
   117                           ; 0 bytes @ 0x0
   118                           
   119  0070                     ??_I2C_Wait:	
   120                           ; 0 bytes @ 0x0
   121                           
   122  0070                     ?_I2C_Start:	
   123                           ; 0 bytes @ 0x0
   124                           
   125  0070                     ??_I2C_Start:	
   126                           ; 0 bytes @ 0x0
   127                           
   128  0070                     ?_I2C_Stop:	
   129                           ; 0 bytes @ 0x0
   130                           
   131  0070                     ??_I2C_Stop:	
   132                           ; 0 bytes @ 0x0
   133                           
   134  0070                     ?_I2C_Send:	
   135                           ; 0 bytes @ 0x0
   136                           
   137  0070                     ??_I2C_Send:	
   138                           ; 0 bytes @ 0x0
   139                           
   140  0070                     ??_I2C_Receive:	
   141                           ; 0 bytes @ 0x0
   142                           
   143  0070                     ?_main:	
   144                           ; 0 bytes @ 0x0
   145                           
   146  0070                     ?_I2C_Receive:	
   147                           ; 0 bytes @ 0x0
   148                           
   149  0070                     I2C_Send@data:	
   150                           ; 1 bytes @ 0x0
   151                           
   152                           
   153                           ; 1 bytes @ 0x0
   154  0070                     	ds	1
   155  0071                     I2C_Receive@ack:	
   156                           
   157                           ; 1 bytes @ 0x1
   158  0071                     	ds	1
   159  0072                     I2C_Receive@temp:	
   160                           
   161                           ; 1 bytes @ 0x2
   162  0072                     	ds	1
   163  0073                     ??_main:	
   164                           
   165                           ; 0 bytes @ 0x3
   166  0073                     	ds	3
   167                           
   168                           	psect	maintext
   169  07A1                     __pmaintext:	
   170 ;;
   171 ;;Main: autosize = 0, tempsize = 3, incstack = 0, save=0
   172 ;;
   173 ;; *************** function _main *****************
   174 ;; Defined at:
   175 ;;		line 77 in file "D:\Embedded-Systems\Practical Activity #7\MPLAB\LE7-2-M.c"
   176 ;; Parameters:    Size  Location     Type
   177 ;;		None
   178 ;; Auto vars:     Size  Location     Type
   179 ;;		None
   180 ;; Return value:  Size  Location     Type
   181 ;;		None               void
   182 ;; Registers used:
   183 ;;		wreg, status,2, status,0, pclath, cstack
   184 ;; Tracked objects:
   185 ;;		On entry : 17F/0
   186 ;;		On exit  : 0/0
   187 ;;		Unchanged: 0/0
   188 ;; Data sizes:     COMMON   BANK0   BANK1   BANK3   BANK2
   189 ;;      Params:         0       0       0       0       0
   190 ;;      Locals:         0       0       0       0       0
   191 ;;      Temps:          3       0       0       0       0
   192 ;;      Totals:         3       0       0       0       0
   193 ;;Total ram usage:        3 bytes
   194 ;; Hardware stack levels required when called:    2
   195 ;; This function calls:
   196 ;;		_I2C_Receive
   197 ;;		_I2C_Send
   198 ;;		_I2C_Start
   199 ;;		_I2C_Stop
   200 ;;		_init_I2C_Master
   201 ;; This function is called by:
   202 ;;		Startup code after reset
   203 ;; This function uses a non-reentrant model
   204 ;;
   205                           
   206                           
   207                           ;psect for function _main
   208  07A1                     _main:	
   209                           
   210                           ;LE7-2-M.c: 79: TRISB = 0x00;
   211                           
   212                           ;incstack = 0
   213                           ; Regs used in _main: [wreg+status,2+status,0+pclath+cstack]
   214  07A1  1683               	bsf	3,5	;RP0=1, select bank1
   215  07A2  1303               	bcf	3,6	;RP1=0, select bank1
   216  07A3  0186               	clrf	6	;volatile
   217                           
   218                           ;LE7-2-M.c: 80: PORTB = 0x00;
   219  07A4  1283               	bcf	3,5	;RP0=0, select bank0
   220  07A5  1303               	bcf	3,6	;RP1=0, select bank0
   221  07A6  0186               	clrf	6	;volatile
   222                           
   223                           ;LE7-2-M.c: 81: TRISD = 0xFF;
   224  07A7  30FF               	movlw	255
   225  07A8  1683               	bsf	3,5	;RP0=1, select bank1
   226  07A9  1303               	bcf	3,6	;RP1=0, select bank1
   227  07AA  0088               	movwf	8	;volatile
   228                           
   229                           ;LE7-2-M.c: 82: init_I2C_Master();
   230  07AB  120A  118A  276C  120A  118A  	fcall	_init_I2C_Master
   231  07B0                     l572:	
   232                           ;LE7-2-M.c: 84: for (;;)
   233                           
   234                           
   235                           ;LE7-2-M.c: 85: {
   236                           ;LE7-2-M.c: 86: I2C_Start();
   237  07B0  120A  118A  274D  120A  118A  	fcall	_I2C_Start
   238                           
   239                           ;LE7-2-M.c: 87: I2C_Send(0x10);
   240  07B5  3010               	movlw	16
   241  07B6  120A  118A  2763  120A  118A  	fcall	_I2C_Send
   242                           
   243                           ;LE7-2-M.c: 88: I2C_Send(PORTD);
   244  07BB  1283               	bcf	3,5	;RP0=0, select bank0
   245  07BC  1303               	bcf	3,6	;RP1=0, select bank0
   246  07BD  0808               	movf	8,w	;volatile
   247  07BE  120A  118A  2763  120A  118A  	fcall	_I2C_Send
   248                           
   249                           ;LE7-2-M.c: 89: I2C_Stop();
   250  07C3  120A  118A  2754  120A  118A  	fcall	_I2C_Stop
   251                           
   252                           ;LE7-2-M.c: 90: _delay((unsigned long)((200)*(4000000/4000.0)));
   253  07C8  3002               	movlw	2
   254  07C9  00F5               	movwf	??_main+2
   255  07CA  3004               	movlw	4
   256  07CB  00F4               	movwf	??_main+1
   257  07CC  30BA               	movlw	186
   258  07CD  00F3               	movwf	??_main
   259  07CE                     u57:	
   260  07CE  0BF3               	decfsz	??_main,f
   261  07CF  2FCE               	goto	u57
   262  07D0  0BF4               	decfsz	??_main+1,f
   263  07D1  2FCE               	goto	u57
   264  07D2  0BF5               	decfsz	??_main+2,f
   265  07D3  2FCE               	goto	u57
   266  07D4  0000               	nop
   267                           
   268                           ;LE7-2-M.c: 91: I2C_Start();
   269  07D5  120A  118A  274D  120A  118A  	fcall	_I2C_Start
   270                           
   271                           ;LE7-2-M.c: 92: I2C_Send(0x11);
   272  07DA  3011               	movlw	17
   273  07DB  120A  118A  2763  120A  118A  	fcall	_I2C_Send
   274                           
   275                           ;LE7-2-M.c: 93: PORTB = I2C_Receive(0);
   276  07E0  3000               	movlw	0
   277  07E1  120A  118A  277B  120A  118A  	fcall	_I2C_Receive
   278  07E6  1283               	bcf	3,5	;RP0=0, select bank0
   279  07E7  1303               	bcf	3,6	;RP1=0, select bank0
   280  07E8  0086               	movwf	6	;volatile
   281                           
   282                           ;LE7-2-M.c: 96: I2C_Stop();
   283  07E9  120A  118A  2754  120A  118A  	fcall	_I2C_Stop
   284                           
   285                           ;LE7-2-M.c: 97: _delay((unsigned long)((200)*(4000000/4000.0)));
   286  07EE  3002               	movlw	2
   287  07EF  00F5               	movwf	??_main+2
   288  07F0  3004               	movlw	4
   289  07F1  00F4               	movwf	??_main+1
   290  07F2  30BA               	movlw	186
   291  07F3  00F3               	movwf	??_main
   292  07F4                     u67:	
   293  07F4  0BF3               	decfsz	??_main,f
   294  07F5  2FF4               	goto	u67
   295  07F6  0BF4               	decfsz	??_main+1,f
   296  07F7  2FF4               	goto	u67
   297  07F8  0BF5               	decfsz	??_main+2,f
   298  07F9  2FF4               	goto	u67
   299  07FA  0000               	nop
   300                           
   301                           ;LE7-2-M.c: 98: }
   302  07FB  2FB0               	goto	l572
   303  07FC                     __end_of_main:	
   304                           
   305                           	psect	text1
   306  076C                     __ptext1:	
   307 ;; *************** function _init_I2C_Master *****************
   308 ;; Defined at:
   309 ;;		line 14 in file "D:\Embedded-Systems\Practical Activity #7\MPLAB\LE7-2-M.c"
   310 ;; Parameters:    Size  Location     Type
   311 ;;		None
   312 ;; Auto vars:     Size  Location     Type
   313 ;;		None
   314 ;; Return value:  Size  Location     Type
   315 ;;		None               void
   316 ;; Registers used:
   317 ;;		wreg, status,2
   318 ;; Tracked objects:
   319 ;;		On entry : 0/0
   320 ;;		On exit  : 0/0
   321 ;;		Unchanged: 0/0
   322 ;; Data sizes:     COMMON   BANK0   BANK1   BANK3   BANK2
   323 ;;      Params:         0       0       0       0       0
   324 ;;      Locals:         0       0       0       0       0
   325 ;;      Temps:          0       0       0       0       0
   326 ;;      Totals:         0       0       0       0       0
   327 ;;Total ram usage:        0 bytes
   328 ;; Hardware stack levels used:    1
   329 ;; This function calls:
   330 ;;		Nothing
   331 ;; This function is called by:
   332 ;;		_main
   333 ;; This function uses a non-reentrant model
   334 ;;
   335                           
   336                           
   337                           ;psect for function _init_I2C_Master
   338  076C                     _init_I2C_Master:	
   339                           
   340                           ;LE7-2-M.c: 16: TRISC3 = 1;
   341                           
   342                           ;incstack = 0
   343                           ; Regs used in _init_I2C_Master: [wreg+status,2]
   344  076C  1683               	bsf	3,5	;RP0=1, select bank1
   345  076D  1303               	bcf	3,6	;RP1=0, select bank1
   346  076E  1587               	bsf	7,3	;volatile
   347                           
   348                           ;LE7-2-M.c: 17: TRISC4 = 1;
   349  076F  1607               	bsf	7,4	;volatile
   350                           
   351                           ;LE7-2-M.c: 18: SSPCON = 0x28;
   352  0770  3028               	movlw	40
   353  0771  1283               	bcf	3,5	;RP0=0, select bank0
   354  0772  1303               	bcf	3,6	;RP1=0, select bank0
   355  0773  0094               	movwf	20	;volatile
   356                           
   357                           ;LE7-2-M.c: 19: SSPCON2 = 0x00;
   358  0774  1683               	bsf	3,5	;RP0=1, select bank1
   359  0775  1303               	bcf	3,6	;RP1=0, select bank1
   360  0776  0191               	clrf	17	;volatile
   361                           
   362                           ;LE7-2-M.c: 21: SSPSTAT = 0x00;
   363  0777  0194               	clrf	20	;volatile
   364                           
   365                           ;LE7-2-M.c: 22: SSPADD = 0x09;
   366  0778  3009               	movlw	9
   367  0779  0093               	movwf	19	;volatile
   368  077A  0008               	return
   369  077B                     __end_of_init_I2C_Master:	
   370                           
   371                           	psect	text2
   372  0754                     __ptext2:	
   373 ;; *************** function _I2C_Stop *****************
   374 ;; Defined at:
   375 ;;		line 40 in file "D:\Embedded-Systems\Practical Activity #7\MPLAB\LE7-2-M.c"
   376 ;; Parameters:    Size  Location     Type
   377 ;;		None
   378 ;; Auto vars:     Size  Location     Type
   379 ;;		None
   380 ;; Return value:  Size  Location     Type
   381 ;;		None               void
   382 ;; Registers used:
   383 ;;		wreg, status,2, status,0, pclath, cstack
   384 ;; Tracked objects:
   385 ;;		On entry : 0/0
   386 ;;		On exit  : 0/0
   387 ;;		Unchanged: 0/0
   388 ;; Data sizes:     COMMON   BANK0   BANK1   BANK3   BANK2
   389 ;;      Params:         0       0       0       0       0
   390 ;;      Locals:         0       0       0       0       0
   391 ;;      Temps:          0       0       0       0       0
   392 ;;      Totals:         0       0       0       0       0
   393 ;;Total ram usage:        0 bytes
   394 ;; Hardware stack levels used:    1
   395 ;; Hardware stack levels required when called:    1
   396 ;; This function calls:
   397 ;;		_I2C_Wait
   398 ;; This function is called by:
   399 ;;		_main
   400 ;; This function uses a non-reentrant model
   401 ;;
   402                           
   403                           
   404                           ;psect for function _I2C_Stop
   405  0754                     _I2C_Stop:	
   406                           
   407                           ;LE7-2-M.c: 43: I2C_Wait();
   408                           
   409                           ;incstack = 0
   410                           ; Regs used in _I2C_Stop: [wreg+status,2+status,0+pclath+cstack]
   411  0754  120A  118A  275B   	fcall	_I2C_Wait
   412                           
   413                           ;LE7-2-M.c: 45: PEN = 1;
   414  0757  1683               	bsf	3,5	;RP0=1, select bank1
   415  0758  1303               	bcf	3,6	;RP1=0, select bank1
   416  0759  1511               	bsf	17,2	;volatile
   417  075A  0008               	return
   418  075B                     __end_of_I2C_Stop:	
   419                           
   420                           	psect	text3
   421  074D                     __ptext3:	
   422 ;; *************** function _I2C_Start *****************
   423 ;; Defined at:
   424 ;;		line 32 in file "D:\Embedded-Systems\Practical Activity #7\MPLAB\LE7-2-M.c"
   425 ;; Parameters:    Size  Location     Type
   426 ;;		None
   427 ;; Auto vars:     Size  Location     Type
   428 ;;		None
   429 ;; Return value:  Size  Location     Type
   430 ;;		None               void
   431 ;; Registers used:
   432 ;;		wreg, status,2, status,0, pclath, cstack
   433 ;; Tracked objects:
   434 ;;		On entry : 0/0
   435 ;;		On exit  : 0/0
   436 ;;		Unchanged: 0/0
   437 ;; Data sizes:     COMMON   BANK0   BANK1   BANK3   BANK2
   438 ;;      Params:         0       0       0       0       0
   439 ;;      Locals:         0       0       0       0       0
   440 ;;      Temps:          0       0       0       0       0
   441 ;;      Totals:         0       0       0       0       0
   442 ;;Total ram usage:        0 bytes
   443 ;; Hardware stack levels used:    1
   444 ;; Hardware stack levels required when called:    1
   445 ;; This function calls:
   446 ;;		_I2C_Wait
   447 ;; This function is called by:
   448 ;;		_main
   449 ;; This function uses a non-reentrant model
   450 ;;
   451                           
   452                           
   453                           ;psect for function _I2C_Start
   454  074D                     _I2C_Start:	
   455                           
   456                           ;LE7-2-M.c: 35: I2C_Wait();
   457                           
   458                           ;incstack = 0
   459                           ; Regs used in _I2C_Start: [wreg+status,2+status,0+pclath+cstack]
   460  074D  120A  118A  275B   	fcall	_I2C_Wait
   461                           
   462                           ;LE7-2-M.c: 37: SEN = 1;
   463  0750  1683               	bsf	3,5	;RP0=1, select bank1
   464  0751  1303               	bcf	3,6	;RP1=0, select bank1
   465  0752  1411               	bsf	17,0	;volatile
   466  0753  0008               	return
   467  0754                     __end_of_I2C_Start:	
   468                           
   469                           	psect	text4
   470  0763                     __ptext4:	
   471 ;; *************** function _I2C_Send *****************
   472 ;; Defined at:
   473 ;;		line 56 in file "D:\Embedded-Systems\Practical Activity #7\MPLAB\LE7-2-M.c"
   474 ;; Parameters:    Size  Location     Type
   475 ;;  data            1    wreg     unsigned char 
   476 ;; Auto vars:     Size  Location     Type
   477 ;;  data            1    0[COMMON] unsigned char 
   478 ;; Return value:  Size  Location     Type
   479 ;;		None               void
   480 ;; Registers used:
   481 ;;		wreg, status,2, status,0, pclath, cstack
   482 ;; Tracked objects:
   483 ;;		On entry : 0/0
   484 ;;		On exit  : 0/0
   485 ;;		Unchanged: 0/0
   486 ;; Data sizes:     COMMON   BANK0   BANK1   BANK3   BANK2
   487 ;;      Params:         0       0       0       0       0
   488 ;;      Locals:         1       0       0       0       0
   489 ;;      Temps:          0       0       0       0       0
   490 ;;      Totals:         1       0       0       0       0
   491 ;;Total ram usage:        1 bytes
   492 ;; Hardware stack levels used:    1
   493 ;; Hardware stack levels required when called:    1
   494 ;; This function calls:
   495 ;;		_I2C_Wait
   496 ;; This function is called by:
   497 ;;		_main
   498 ;; This function uses a non-reentrant model
   499 ;;
   500                           
   501                           
   502                           ;psect for function _I2C_Send
   503  0763                     _I2C_Send:	
   504                           
   505                           ;incstack = 0
   506                           ; Regs used in _I2C_Send: [wreg+status,2+status,0+pclath+cstack]
   507                           ;I2C_Send@data stored from wreg
   508  0763  00F0               	movwf	I2C_Send@data
   509                           
   510                           ;LE7-2-M.c: 59: I2C_Wait();
   511  0764  120A  118A  275B   	fcall	_I2C_Wait
   512                           
   513                           ;LE7-2-M.c: 61: SSPBUF = data;
   514  0767  0870               	movf	I2C_Send@data,w
   515  0768  1283               	bcf	3,5	;RP0=0, select bank0
   516  0769  1303               	bcf	3,6	;RP1=0, select bank0
   517  076A  0093               	movwf	19	;volatile
   518  076B  0008               	return
   519  076C                     __end_of_I2C_Send:	
   520                           
   521                           	psect	text5
   522  077B                     __ptext5:	
   523 ;; *************** function _I2C_Receive *****************
   524 ;; Defined at:
   525 ;;		line 64 in file "D:\Embedded-Systems\Practical Activity #7\MPLAB\LE7-2-M.c"
   526 ;; Parameters:    Size  Location     Type
   527 ;;  ack             1    wreg     unsigned char 
   528 ;; Auto vars:     Size  Location     Type
   529 ;;  ack             1    1[COMMON] unsigned char 
   530 ;;  temp            1    2[COMMON] unsigned char 
   531 ;; Return value:  Size  Location     Type
   532 ;;                  1    wreg      unsigned char 
   533 ;; Registers used:
   534 ;;		wreg, status,2, status,0, pclath, cstack
   535 ;; Tracked objects:
   536 ;;		On entry : 0/0
   537 ;;		On exit  : 0/0
   538 ;;		Unchanged: 0/0
   539 ;; Data sizes:     COMMON   BANK0   BANK1   BANK3   BANK2
   540 ;;      Params:         0       0       0       0       0
   541 ;;      Locals:         2       0       0       0       0
   542 ;;      Temps:          1       0       0       0       0
   543 ;;      Totals:         3       0       0       0       0
   544 ;;Total ram usage:        3 bytes
   545 ;; Hardware stack levels used:    1
   546 ;; Hardware stack levels required when called:    1
   547 ;; This function calls:
   548 ;;		_I2C_Wait
   549 ;; This function is called by:
   550 ;;		_main
   551 ;; This function uses a non-reentrant model
   552 ;;
   553                           
   554                           
   555                           ;psect for function _I2C_Receive
   556  077B                     _I2C_Receive:	
   557                           
   558                           ;incstack = 0
   559                           ; Regs used in _I2C_Receive: [wreg+status,2+status,0+pclath+cstack]
   560                           ;I2C_Receive@ack stored from wreg
   561  077B  00F1               	movwf	I2C_Receive@ack
   562                           
   563                           ;LE7-2-M.c: 66: unsigned char temp;
   564                           ;LE7-2-M.c: 67: I2C_Wait();
   565  077C  120A  118A  275B  120A  118A  	fcall	_I2C_Wait
   566                           
   567                           ;LE7-2-M.c: 68: RCEN = 1;
   568  0781  1683               	bsf	3,5	;RP0=1, select bank1
   569  0782  1303               	bcf	3,6	;RP1=0, select bank1
   570  0783  1591               	bsf	17,3	;volatile
   571                           
   572                           ;LE7-2-M.c: 69: I2C_Wait();
   573  0784  120A  118A  275B  120A  118A  	fcall	_I2C_Wait
   574                           
   575                           ;LE7-2-M.c: 70: temp = SSPBUF;
   576  0789  1283               	bcf	3,5	;RP0=0, select bank0
   577  078A  1303               	bcf	3,6	;RP1=0, select bank0
   578  078B  0813               	movf	19,w	;volatile
   579  078C  00F0               	movwf	??_I2C_Receive
   580  078D  0870               	movf	??_I2C_Receive,w
   581  078E  00F2               	movwf	I2C_Receive@temp
   582                           
   583                           ;LE7-2-M.c: 71: I2C_Wait();
   584  078F  120A  118A  275B  120A  118A  	fcall	_I2C_Wait
   585                           
   586                           ;LE7-2-M.c: 72: ACKDT = (ack) ? 0 : 1;
   587  0794  08F1               	movf	I2C_Receive@ack,f
   588  0795  1D03               	btfss	3,2
   589  0796  2F9B               	goto	u30
   590  0797  1683               	bsf	3,5	;RP0=1, select bank1
   591  0798  1303               	bcf	3,6	;RP1=0, select bank1
   592  0799  1691               	bsf	17,5	;volatile
   593  079A  2F9E               	goto	l558
   594  079B                     u30:	
   595  079B  1683               	bsf	3,5	;RP0=1, select bank1
   596  079C  1303               	bcf	3,6	;RP1=0, select bank1
   597  079D  1291               	bcf	17,5	;volatile
   598  079E                     l558:	
   599                           
   600                           ;LE7-2-M.c: 73: ACKEN = 1;
   601  079E  1611               	bsf	17,4	;volatile
   602                           
   603                           ;LE7-2-M.c: 74: return temp;
   604  079F  0872               	movf	I2C_Receive@temp,w
   605  07A0  0008               	return
   606  07A1                     __end_of_I2C_Receive:	
   607                           
   608                           	psect	text6
   609  075B                     __ptext6:	
   610 ;; *************** function _I2C_Wait *****************
   611 ;; Defined at:
   612 ;;		line 25 in file "D:\Embedded-Systems\Practical Activity #7\MPLAB\LE7-2-M.c"
   613 ;; Parameters:    Size  Location     Type
   614 ;;		None
   615 ;; Auto vars:     Size  Location     Type
   616 ;;		None
   617 ;; Return value:  Size  Location     Type
   618 ;;		None               void
   619 ;; Registers used:
   620 ;;		wreg, status,2
   621 ;; Tracked objects:
   622 ;;		On entry : 0/0
   623 ;;		On exit  : 0/0
   624 ;;		Unchanged: 0/0
   625 ;; Data sizes:     COMMON   BANK0   BANK1   BANK3   BANK2
   626 ;;      Params:         0       0       0       0       0
   627 ;;      Locals:         0       0       0       0       0
   628 ;;      Temps:          0       0       0       0       0
   629 ;;      Totals:         0       0       0       0       0
   630 ;;Total ram usage:        0 bytes
   631 ;; Hardware stack levels used:    1
   632 ;; This function calls:
   633 ;;		Nothing
   634 ;; This function is called by:
   635 ;;		_I2C_Start
   636 ;;		_I2C_Stop
   637 ;;		_I2C_Send
   638 ;;		_I2C_Receive
   639 ;;		_I2C_RepeatedStart
   640 ;; This function uses a non-reentrant model
   641 ;;
   642                           
   643                           
   644                           ;psect for function _I2C_Wait
   645  075B                     _I2C_Wait:	
   646  075B                     l524:	
   647                           ;LE7-2-M.c: 29: ;
   648                           
   649                           ;LE7-2-M.c: 28: while ((SSPCON2 & 0x1F) || (SSPSTAT & 0x04))
   650                           
   651                           ;incstack = 0
   652                           ; Regs used in _I2C_Wait: [wreg+status,2]
   653                           
   654  075B  1683               	bsf	3,5	;RP0=1, select bank1
   655  075C  1303               	bcf	3,6	;RP1=0, select bank1
   656  075D  0811               	movf	17,w	;volatile
   657  075E  391F               	andlw	31
   658  075F  1903               	btfsc	3,2
   659  0760  1914               	btfsc	20,2	;volatile
   660  0761  2F5B               	goto	l524
   661  0762  0008               	return
   662  0763                     __end_of_I2C_Wait:	
   663  007E                     btemp	set	126	;btemp
   664  007E                     wtemp	set	126
   665  007E                     wtemp0	set	126
   666  0080                     wtemp1	set	128
   667  0082                     wtemp2	set	130
   668  0084                     wtemp3	set	132
   669  0086                     wtemp4	set	134
   670  0088                     wtemp5	set	136
   671  007F                     wtemp6	set	127
   672  007E                     ttemp	set	126
   673  007E                     ttemp0	set	126
   674  0081                     ttemp1	set	129
   675  0084                     ttemp2	set	132
   676  0087                     ttemp3	set	135
   677  007F                     ttemp4	set	127
   678  007E                     ltemp	set	126
   679  007E                     ltemp0	set	126
   680  0082                     ltemp1	set	130
   681  0086                     ltemp2	set	134
   682  0080                     ltemp3	set	128


Data Sizes:
    Strings     0
    Constant    0
    Data        0
    BSS         0
    Persistent  0
    Stack       0

Auto Spaces:
    Space          Size  Autos    Used
    COMMON           14      6       6
    BANK0            80      0       0
    BANK1            80      0       0
    BANK3            96      0       0
    BANK2            96      0       0

Pointer List with Targets:

    None.

Critical Paths under _main in COMMON

    _main->_I2C_Receive

Critical Paths under _main in BANK0

    None.

Critical Paths under _main in BANK1

    None.

Critical Paths under _main in BANK3

    None.

Critical Paths under _main in BANK2

    None.

Call Graph Tables:

 ---------------------------------------------------------------------------------
 (Depth) Function   	        Calls       Base Space   Used Autos Params    Refs
 ---------------------------------------------------------------------------------
 (0) _main                                                 3     3      0      45
                                              3 COMMON     3     3      0
                        _I2C_Receive
                           _I2C_Send
                          _I2C_Start
                           _I2C_Stop
                    _init_I2C_Master
 ---------------------------------------------------------------------------------
 (1) _init_I2C_Master                                      0     0      0       0
 ---------------------------------------------------------------------------------
 (1) _I2C_Stop                                             0     0      0       0
                           _I2C_Wait
 ---------------------------------------------------------------------------------
 (1) _I2C_Start                                            0     0      0       0
                           _I2C_Wait
 ---------------------------------------------------------------------------------
 (1) _I2C_Send                                             1     1      0      15
                                              0 COMMON     1     1      0
                           _I2C_Wait
 ---------------------------------------------------------------------------------
 (1) _I2C_Receive                                          3     3      0      30
                                              0 COMMON     3     3      0
                           _I2C_Wait
 ---------------------------------------------------------------------------------
 (2) _I2C_Wait                                             0     0      0       0
 ---------------------------------------------------------------------------------
 Estimated maximum stack depth 2
 ---------------------------------------------------------------------------------

 Call Graph Graphs:

 _main (ROOT)
   _I2C_Receive
     _I2C_Wait
   _I2C_Send
     _I2C_Wait
   _I2C_Start
     _I2C_Wait
   _I2C_Stop
     _I2C_Wait
   _init_I2C_Master

 Address spaces:
Name               Size   Autos  Total    Cost      Usage
BITCOMMON            E      0       0       0        0.0%
EEDATA             100      0       0       0        0.0%
NULL                 0      0       0       0        0.0%
CODE                 0      0       0       0        0.0%
COMMON               E      6       6       1       42.9%
BITSFR0              0      0       0       1        0.0%
SFR0                 0      0       0       1        0.0%
BITSFR1              0      0       0       2        0.0%
SFR1                 0      0       0       2        0.0%
STACK                0      0       0       2        0.0%
ABS                  0      0       0       3        0.0%
BITBANK0            50      0       0       4        0.0%
BITSFR3              0      0       0       4        0.0%
SFR3                 0      0       0       4        0.0%
BANK0               50      0       0       5        0.0%
BITSFR2              0      0       0       5        0.0%
SFR2                 0      0       0       5        0.0%
BITBANK1            50      0       0       6        0.0%
BANK1               50      0       0       7        0.0%
BITBANK3            60      0       0       8        0.0%
BANK3               60      0       0       9        0.0%
BITBANK2            60      0       0      10        0.0%
BANK2               60      0       0      11        0.0%
DATA                 0      0       0      12        0.0%


Microchip Technology PIC Macro Assembler V1.33 build 59893 
Symbol Table                                                                                   Sun Apr 27 21:07:38 2025

      __size_of_I2C_Start 0007               __CFG_CP$OFF 0000                        u30 079B  
                      u57 07CE                        u67 07F4                       l524 075B  
                     l572 07B0                       l558 079E                       _PEN 048A  
            __CFG_CPD$OFF 0000                       _SEN 0488      __size_of_I2C_Receive 0026  
            __CFG_FOSC$XT 0000              __CFG_LVP$OFF 0000                      _RCEN 048B  
                    _RSEN 0489              __CFG_WRT$OFF 0000                      _main 07A1  
        __end_of_I2C_Send 076C                      btemp 007E          __end_of_I2C_Wait 0763  
        __end_of_I2C_Stop 075B             __CFG_BOREN$ON 0000                      ltemp 007E  
                    start 0000                      ttemp 007E                      wtemp 007E  
                   ?_main 0070                     _ACKEN 048C                     _ACKDT 048D  
           __CFG_WDTE$OFF 0000                     _PORTB 0006                     _PORTD 0008  
                   _TRISB 0086                     _TRISD 0088             __CFG_PWRTE$ON 0000  
       __end_of_I2C_Start 0754                     ltemp0 007E                     ltemp1 0082  
                   ltemp2 0086                     ltemp3 0080                     ttemp0 007E  
                   ttemp1 0081                     ttemp2 0084                     ttemp3 0087  
                   ttemp4 007F                     status 0003                     wtemp0 007E  
                   wtemp1 0080                     wtemp2 0082                     wtemp3 0084  
                   wtemp4 0086                     wtemp5 0088                     wtemp6 007F  
         __initialization 07FC              __end_of_main 07FC                    ??_main 0073  
                  _SSPADD 0093                    _TRISC3 043B                    _TRISC4 043C  
                  _SSPCON 0014                    _SSPBUF 0013  __size_of_init_I2C_Master 000F  
               ?_I2C_Send 0070                 ?_I2C_Wait 0070                 ?_I2C_Stop 0070  
 __end_of__initialization 07FC            __pcstackCOMMON 0070                ??_I2C_Send 0070  
              ??_I2C_Wait 0070                ??_I2C_Stop 0070                __pmaintext 07A1  
           ??_I2C_Receive 0070              I2C_Send@data 0070         ??_init_I2C_Master 0070  
                 _SSPCON2 0091                   _SSPSTAT 0094                 _I2C_Start 074D  
          I2C_Receive@ack 0071                   __ptext0 0000                   __ptext1 076C  
                 __ptext2 0754                   __ptext3 074D                   __ptext4 0763  
                 __ptext5 077B                   __ptext6 075B       __end_of_I2C_Receive 07A1  
    end_of_initialization 07FC                ?_I2C_Start 0070         __size_of_I2C_Send 0009  
       __size_of_I2C_Wait 0008         __size_of_I2C_Stop 0007               _I2C_Receive 077B  
     start_initialization 07FC               ??_I2C_Start 0070           _init_I2C_Master 076C  
               ___latbits 0002                  _I2C_Send 0763                  _I2C_Wait 075B  
                _I2C_Stop 0754   __end_of_init_I2C_Master 077B           I2C_Receive@temp 0072  
            ?_I2C_Receive 0070             __size_of_main 005B          ?_init_I2C_Master 0070  
